2024-03-04 11:23:27,750 [http-nio-8080-exec-2] INFO  c.S.S.Controller.StudentController - [StudentModel [studentId=16, name=Madhumitha, registerNo=68, gender=Female, age=21, phoneNumber=7708108426, currentStatus=Completed, emailId=Madhumitha@gmail.com, course=BCA, batch=set34, fees=39000], StudentModel [studentId=19, name=Arunalatha, registerNo=28, gender=Female, age=41, phoneNumber=9003803703, currentStatus=Completed, emailId=Arunalatha@gmail.com, course=MSC, batch=set34, fees=29000], StudentModel [studentId=20, name=Elakiya, registerNo=58, gender=Female, age=31, phoneNumber=9003803703, currentStatus=Undergoing, emailId=Elakiya@gmail.com, course=PHD, batch=set54, fees=23000], StudentModel [studentId=49, name=Rithika, registerNo=38, gender=Female, age=19, phoneNumber=8796756778, currentStatus=Completed, emailId=Rithika@gmail.com, course=Bsc, batch=set14, fees=23000]]
2024-03-04 11:52:42,708 [http-nio-8080-exec-1] INFO  c.S.S.Controller.StudentController - [StudentModel [studentId=16, name=Madhumitha, registerNo=68, gender=Female, age=21, phoneNumber=7708108426, currentStatus=Completed, emailId=Madhumitha@gmail.com, course=BCA, batch=set34, fees=39000], StudentModel [studentId=19, name=Arunalatha, registerNo=28, gender=Female, age=41, phoneNumber=9003803703, currentStatus=Completed, emailId=Arunalatha@gmail.com, course=MSC, batch=set34, fees=29000], StudentModel [studentId=20, name=Elakiya, registerNo=58, gender=Female, age=31, phoneNumber=9003803703, currentStatus=Undergoing, emailId=Elakiya@gmail.com, course=PHD, batch=set54, fees=23000], StudentModel [studentId=49, name=Rithika, registerNo=38, gender=Female, age=19, phoneNumber=8796756778, currentStatus=Completed, emailId=Rithika@gmail.com, course=Bsc, batch=set14, fees=23000]]
2024-03-04 11:53:09,869 [http-nio-8080-exec-3] INFO  c.S.S.Controller.StudentController - StudentModel [studentId=20, name=Elakiya, registerNo=58, gender=Female, age=31, phoneNumber=9003803703, currentStatus=Undergoing, emailId=Elakiya@gmail.com, course=PHD, batch=set54, fees=23000]
2024-03-04 11:54:04,365 [http-nio-8080-exec-2] INFO  c.S.S.Controller.StudentController - null
2024-03-04 12:55:45,405 [http-nio-8080-exec-10] INFO  c.S.S.Controller.StudentController - [StudentModel [studentId=16, name=Madhumitha, registerNo=68, gender=Female, age=21, phoneNumber=7708108426, currentStatus=Completed, emailId=Madhumitha@gmail.com, course=BCA, batch=set34, fees=39000], StudentModel [studentId=19, name=Arunalatha, registerNo=28, gender=Female, age=41, phoneNumber=9003803703, currentStatus=Completed, emailId=Arunalatha@gmail.com, course=MSC, batch=set34, fees=29000], StudentModel [studentId=20, name=Elakiya, registerNo=58, gender=Female, age=31, phoneNumber=9003803703, currentStatus=Undergoing, emailId=Elakiya@gmail.com, course=PHD, batch=set54, fees=23000], StudentModel [studentId=49, name=Rithika, registerNo=38, gender=Female, age=19, phoneNumber=8796756778, currentStatus=Completed, emailId=Rithika@gmail.com, course=Bsc, batch=set14, fees=23000]]
2024-03-04 13:56:16,569 [http-nio-8080-exec-7] INFO  c.S.S.Controller.StudentController - Student Details deleted successfully
2024-03-04 14:04:20,145 [http-nio-8080-exec-6] INFO  c.S.S.Controller.StudentController - [StudentModel [studentId=16, name=Madhumitha, registerNo=68, gender=Female, age=21, phoneNumber=7708108426, currentStatus=Completed, emailId=Madhumitha@gmail.com, course=BCA, batch=set34, fees=39000], StudentModel [studentId=19, name=Arunalatha, registerNo=28, gender=Female, age=41, phoneNumber=9003803703, currentStatus=Completed, emailId=Arunalatha@gmail.com, course=MSC, batch=set34, fees=29000], StudentModel [studentId=20, name=Elakiya, registerNo=58, gender=Female, age=31, phoneNumber=9003803703, currentStatus=Undergoing, emailId=Elakiya@gmail.com, course=PHD, batch=set54, fees=23000]]
2024-03-04 14:08:04,771 [http-nio-8080-exec-2] INFO  c.S.S.Controller.StudentController - Student inserted successfully
2024-03-04 17:58:57,384 [http-nio-8080-exec-1] INFO  c.S.S.Controller.StudentController - Student Record is not inserted
2024-03-04 17:59:50,791 [http-nio-8080-exec-4] INFO  c.S.S.Controller.StudentController - Student inserted successfully
2024-03-04 18:04:11,766 [http-nio-8080-exec-8] INFO  c.S.S.Controller.StudentController - Student Record is not inserted
2024-03-04 18:04:42,107 [http-nio-8080-exec-10] INFO  c.S.S.Controller.StudentController - Student inserted successfully
2024-03-04 19:05:34,155 [http-nio-8080-exec-1] INFO  c.S.S.Controller.StudentController - [StudentModel [studentId=16, name=Madhumitha, registerNo=68, gender=Female, age=21, phoneNumber=7708108426, currentStatus=Completed, emailId=Madhumitha@gmail.com, course=BCA, batch=set34, fees=39000], StudentModel [studentId=19, name=Arunalatha, registerNo=28, gender=Female, age=41, phoneNumber=9003803703, currentStatus=Completed, emailId=Arunalatha@gmail.com, course=MSC, batch=set34, fees=29000], StudentModel [studentId=20, name=Elakiya, registerNo=58, gender=Female, age=31, phoneNumber=9003803703, currentStatus=Undergoing, emailId=Elakiya@gmail.com, course=PHD, batch=set54, fees=23000], StudentModel [studentId=50, name=Rithika, registerNo=38, gender=Female, age=19, phoneNumber=8796756778, currentStatus=Completed, emailId=Rithika@gmail.com, course=Bsc, batch=set14, fees=23000], StudentModel [studentId=54, name=Rithika, registerNo=981, gender=Female, age=19, phoneNumber=8796756778, currentStatus=Completed, emailId=Rithika@gmail.com, course=Bsc, batch=set14, fees=23000]]
2024-03-04 19:17:52,439 [http-nio-8080-exec-5] INFO  c.S.S.Controller.StudentController - [StudentModel [studentId=16, name=Madhumitha, registerNo=68, gender=Female, age=21, phoneNumber=7708108426, currentStatus=Completed, emailId=Madhumitha@gmail.com, course=BCA, batch=set34, fees=39000], StudentModel [studentId=19, name=Arunalatha, registerNo=28, gender=Female, age=41, phoneNumber=9003803703, currentStatus=Completed, emailId=Arunalatha@gmail.com, course=MSC, batch=set34, fees=29000], StudentModel [studentId=20, name=Elakiya, registerNo=58, gender=Female, age=31, phoneNumber=9003803703, currentStatus=Undergoing, emailId=Elakiya@gmail.com, course=PHD, batch=set54, fees=23000], StudentModel [studentId=50, name=Rithika, registerNo=38, gender=Female, age=19, phoneNumber=8796756778, currentStatus=Completed, emailId=Rithika@gmail.com, course=Bsc, batch=set14, fees=23000], StudentModel [studentId=54, name=Rithika, registerNo=981, gender=Female, age=19, phoneNumber=8796756778, currentStatus=Completed, emailId=Rithika@gmail.com, course=Bsc, batch=set14, fees=23000]]
2024-03-05 16:32:41,772 [http-nio-8080-exec-1] INFO  c.S.S.Controller.StudentController - Student record is not inserted
2024-03-05 16:34:26,373 [main] INFO  c.S.S.Controller.StudentController - Student inserted successfully
2024-03-05 16:35:53,264 [main] INFO  c.S.S.Controller.StudentController - Student record is not inserted
2024-03-05 16:37:28,346 [http-nio-8080-exec-3] INFO  c.S.S.Controller.StudentController - Student inserted successfully
2024-03-05 16:50:55,005 [main] INFO  c.S.S.Controller.StudentController - Student record is not inserted
2024-03-05 16:52:12,491 [main] INFO  c.S.S.Controller.StudentController - Student inserted successfully
2024-03-05 17:01:53,682 [main] INFO  c.S.S.Controller.StudentController - Student inserted successfully
2024-03-05 17:38:06,184 [main] INFO  c.S.S.Controller.StudentController - Student inserted successfully
2024-03-05 17:39:04,951 [main] INFO  c.S.S.Controller.StudentController - Student record is not inserted
2024-03-05 17:40:28,962 [main] INFO  c.S.S.Controller.StudentController - Student record is not inserted
2024-03-05 17:40:29,030 [main] INFO  c.S.S.Controller.StudentController - StudentDetails is not deleted
2024-03-05 17:41:18,326 [main] INFO  c.S.S.Controller.StudentController - Student record is not inserted
2024-03-05 17:41:18,411 [main] INFO  c.S.S.Controller.StudentController - Student Details deleted successfully
2024-03-05 17:43:17,923 [main] INFO  c.S.S.Controller.StudentController - Student inserted successfully
2024-03-05 17:43:17,977 [main] INFO  c.S.S.Controller.StudentController - StudentDetails is not deleted
2024-03-05 17:43:54,677 [main] INFO  c.S.S.Controller.StudentController - Student record is not inserted
2024-03-05 17:43:54,737 [main] INFO  c.S.S.Controller.StudentController - StudentDetails is not deleted
2024-03-05 17:44:26,950 [main] INFO  c.S.S.Controller.StudentController - Student record is not inserted
2024-03-05 17:44:27,019 [main] INFO  c.S.S.Controller.StudentController - Student Details deleted successfully
2024-03-05 17:47:56,634 [main] INFO  c.S.S.Controller.StudentController - Student inserted successfully
2024-03-05 17:47:56,682 [main] INFO  c.S.S.Controller.StudentController - Student Details deleted successfully
2024-03-05 17:49:54,994 [http-nio-8080-exec-8] INFO  c.S.S.Controller.StudentController - Student inserted successfully
2024-03-05 17:50:12,615 [main] INFO  c.S.S.Controller.StudentController - Student record is not inserted
2024-03-05 17:50:12,681 [main] INFO  c.S.S.Controller.StudentController - StudentDetails is not deleted
2024-03-05 17:50:53,501 [main] INFO  c.S.S.Controller.StudentController - Student record is not inserted
2024-03-05 17:50:53,564 [main] INFO  c.S.S.Controller.StudentController - Student Details deleted successfully
2024-03-05 17:53:38,705 [http-nio-8080-exec-10] INFO  c.S.S.Controller.StudentController - Student inserted successfully
2024-03-05 17:54:07,942 [main] INFO  c.S.S.Controller.StudentController - Student inserted successfully
2024-03-05 17:54:07,999 [main] INFO  c.S.S.Controller.StudentController - Student Details deleted successfully
2024-03-05 17:56:47,050 [http-nio-8080-exec-4] INFO  c.S.S.Controller.StudentController - Student Record is not Updated
2024-03-05 18:00:06,088 [http-nio-8080-exec-5] INFO  c.S.S.Controller.StudentController - Student inserted successfully
2024-03-05 18:00:21,291 [main] INFO  c.S.S.Controller.StudentController - Student inserted successfully
2024-03-05 18:00:21,337 [main] INFO  c.S.S.Controller.StudentController - StudentDetails is not deleted
2024-03-05 18:02:02,772 [main] INFO  c.S.S.Controller.StudentController - Student inserted successfully
2024-03-05 18:02:02,878 [main] INFO  c.S.S.Controller.StudentController - Student Details deleted successfully
2024-03-05 18:02:49,898 [http-nio-8080-exec-7] INFO  c.S.S.Controller.StudentController - Student inserted successfully
2024-03-05 18:03:22,070 [main] INFO  c.S.S.Controller.StudentController - Student inserted successfully
2024-03-05 18:03:22,129 [main] INFO  c.S.S.Controller.StudentController - Student Record is not Updated
2024-03-05 18:03:22,165 [main] INFO  c.S.S.Controller.StudentController - StudentDetails is not deleted
2024-03-05 18:04:09,350 [http-nio-8080-exec-2] INFO  c.S.S.Controller.StudentController - Student inserted successfully
2024-03-05 18:06:16,842 [http-nio-8080-exec-3] INFO  c.S.S.Controller.StudentController - Student record is not inserted
2024-03-05 18:07:05,121 [main] INFO  c.S.S.Controller.StudentController - Student inserted successfully
2024-03-05 18:07:05,168 [main] INFO  c.S.S.Controller.StudentController - Student Record is not Updated
2024-03-05 18:07:05,204 [main] INFO  c.S.S.Controller.StudentController - Student Details deleted successfully
2024-03-05 18:07:47,263 [main] INFO  c.S.S.Controller.StudentController - Student Updates successfully
2024-03-05 18:27:20,989 [main] INFO  c.S.S.Controller.StudentController - Student Updates successfully
2024-03-05 18:28:23,571 [main] INFO  c.S.S.Controller.StudentController - Student Updates successfully
2024-03-05 18:30:37,855 [main] INFO  c.S.S.Controller.StudentController - Student Updates successfully
2024-03-05 18:30:37,926 [main] INFO  c.S.S.Controller.StudentController - null
2024-03-05 19:04:17,922 [main] INFO  c.S.S.Controller.StudentController - Student Updates successfully
2024-03-05 19:05:35,096 [main] INFO  c.S.S.Controller.StudentController - Student Updates successfully
2024-03-05 19:06:39,348 [main] INFO  c.S.S.Controller.StudentController - Student Updates successfully
2024-03-05 19:21:38,072 [main] INFO  c.S.S.Controller.StudentController - Student Updates successfully
2024-03-05 19:25:56,214 [main] INFO  c.S.S.Controller.StudentController - Student Updates successfully
2024-03-05 19:26:11,493 [main] INFO  c.S.S.Controller.StudentController - Student Updates successfully
2024-03-05 19:37:02,302 [main] INFO  c.S.S.Controller.StudentController - Student Updates successfully
2024-03-06 11:18:07,860 [main] INFO  c.S.S.Controller.StudentController - null
2024-03-06 11:18:08,226 [main] INFO  c.S.S.Controller.StudentController - StudentDetails is not deleted
2024-03-06 11:18:47,186 [main] INFO  c.S.S.Controller.StudentController - null
2024-03-06 11:29:52,659 [http-nio-8080-exec-2] INFO  c.S.S.Controller.StudentController - null
2024-03-06 11:30:00,131 [http-nio-8080-exec-3] INFO  c.S.S.Controller.StudentController - null
2024-03-06 11:30:53,798 [http-nio-8080-exec-2] INFO  c.S.S.Controller.StudentController - null
2024-03-06 11:30:58,958 [http-nio-8080-exec-3] INFO  c.S.S.Controller.StudentController - Student inserted successfully
2024-03-06 11:31:04,158 [http-nio-8080-exec-4] INFO  c.S.S.Controller.StudentController - null
2024-03-06 11:31:19,325 [http-nio-8080-exec-5] INFO  c.S.S.Controller.StudentController - StudentDetails is not deleted
2024-03-06 11:31:23,309 [http-nio-8080-exec-6] INFO  c.S.S.Controller.StudentController - StudentModel [studentId=20, name=Elakiya, registerNo=58, gender=Female, age=31, phoneNumber=9003803703, currentStatus=Undergoing, emailId=Elakiya@gmail.com, course=PHD, batch=set54, fees=23000]
2024-03-06 11:34:47,019 [http-nio-8080-exec-9] INFO  c.S.S.Controller.StudentController - null
2024-03-06 11:37:10,785 [http-nio-8080-exec-1] INFO  c.S.S.Controller.StudentController - null
2024-03-06 11:39:32,062 [http-nio-8080-exec-1] INFO  c.S.S.Controller.StudentController - null
2024-03-06 11:41:22,825 [http-nio-8080-exec-2] INFO  c.S.S.Controller.StudentController - null
2024-03-06 11:45:27,980 [http-nio-8080-exec-1] INFO  c.S.S.Controller.StudentController - null
2024-03-06 11:50:32,515 [http-nio-8080-exec-1] INFO  c.S.S.Controller.StudentController - [StudentModel [studentId=16, name=Madhumitha, registerNo=68, gender=Female, age=21, phoneNumber=7708108426, currentStatus=Completed, emailId=Madhumitha@gmail.com, course=BCA, batch=set34, fees=39000], StudentModel [studentId=19, name=Arunalatha, registerNo=28, gender=Female, age=41, phoneNumber=9003803703, currentStatus=Completed, emailId=Arunalatha@gmail.com, course=MSC, batch=set34, fees=29000], StudentModel [studentId=20, name=Elakiya, registerNo=58, gender=Female, age=31, phoneNumber=9003803703, currentStatus=Undergoing, emailId=Elakiya@gmail.com, course=PHD, batch=set54, fees=23000], StudentModel [studentId=82, name=Gugan, registerNo=679, gender=Male, age=23, phoneNumber=8098161001, currentStatus=Completed, emailId=Gugan@gmail.com, course=MCA, batch=set89, fees=19000], StudentModel [studentId=83, name=Rithika, registerNo=91, gender=Female, age=19, phoneNumber=8796756778, currentStatus=Completed, emailId=Rithika@gmail.com, course=Bsc, batch=set14, fees=23000]]
2024-03-06 11:51:53,577 [http-nio-8080-exec-5] INFO  c.S.S.Controller.StudentController - [StudentModel [studentId=16, name=Madhumitha, registerNo=68, gender=Female, age=21, phoneNumber=7708108426, currentStatus=Completed, emailId=Madhumitha@gmail.com, course=BCA, batch=set34, fees=39000], StudentModel [studentId=19, name=Arunalatha, registerNo=28, gender=Female, age=41, phoneNumber=9003803703, currentStatus=Completed, emailId=Arunalatha@gmail.com, course=MSC, batch=set34, fees=29000], StudentModel [studentId=20, name=Elakiya, registerNo=58, gender=Female, age=31, phoneNumber=9003803703, currentStatus=Undergoing, emailId=Elakiya@gmail.com, course=PHD, batch=set54, fees=23000], StudentModel [studentId=82, name=Gugan, registerNo=679, gender=Male, age=23, phoneNumber=8098161001, currentStatus=Completed, emailId=Gugan@gmail.com, course=MCA, batch=set89, fees=19000], StudentModel [studentId=83, name=Rithika, registerNo=91, gender=Female, age=19, phoneNumber=8796756778, currentStatus=Completed, emailId=Rithika@gmail.com, course=Bsc, batch=set14, fees=23000]]
2024-03-06 11:55:26,760 [http-nio-8080-exec-8] INFO  c.S.S.Controller.StudentController - [StudentModel [studentId=16, name=Madhumitha, registerNo=68, gender=Female, age=21, phoneNumber=7708108426, currentStatus=Completed, emailId=Madhumitha@gmail.com, course=BCA, batch=set34, fees=39000], StudentModel [studentId=19, name=Arunalatha, registerNo=28, gender=Female, age=41, phoneNumber=9003803703, currentStatus=Completed, emailId=Arunalatha@gmail.com, course=MSC, batch=set34, fees=29000], StudentModel [studentId=20, name=Elakiya, registerNo=58, gender=Female, age=31, phoneNumber=9003803703, currentStatus=Undergoing, emailId=Elakiya@gmail.com, course=PHD, batch=set54, fees=23000], StudentModel [studentId=82, name=Gugan, registerNo=679, gender=Male, age=23, phoneNumber=8098161001, currentStatus=Completed, emailId=Gugan@gmail.com, course=MCA, batch=set89, fees=19000], StudentModel [studentId=83, name=Rithika, registerNo=91, gender=Female, age=19, phoneNumber=8796756778, currentStatus=Completed, emailId=Rithika@gmail.com, course=Bsc, batch=set14, fees=23000]]
2024-03-06 12:01:29,409 [http-nio-8080-exec-1] INFO  c.S.S.Controller.StudentController - [StudentModel [studentId=16, name=Madhumitha, registerNo=68, gender=Female, age=21, phoneNumber=7708108426, currentStatus=Completed, emailId=Madhumitha@gmail.com, course=BCA, batch=set34, fees=39000], StudentModel [studentId=19, name=Arunalatha, registerNo=28, gender=Female, age=41, phoneNumber=9003803703, currentStatus=Completed, emailId=Arunalatha@gmail.com, course=MSC, batch=set34, fees=29000], StudentModel [studentId=20, name=Elakiya, registerNo=58, gender=Female, age=31, phoneNumber=9003803703, currentStatus=Undergoing, emailId=Elakiya@gmail.com, course=PHD, batch=set54, fees=23000], StudentModel [studentId=82, name=Gugan, registerNo=679, gender=Male, age=23, phoneNumber=8098161001, currentStatus=Completed, emailId=Gugan@gmail.com, course=MCA, batch=set89, fees=19000], StudentModel [studentId=83, name=Rithika, registerNo=91, gender=Female, age=19, phoneNumber=8796756778, currentStatus=Completed, emailId=Rithika@gmail.com, course=Bsc, batch=set14, fees=23000]]
2024-03-06 12:14:57,354 [http-nio-8080-exec-4] INFO  c.S.S.Controller.StudentController - [StudentModel [studentId=16, name=Madhumitha, registerNo=68, gender=Female, age=21, phoneNumber=7708108426, currentStatus=Completed, emailId=Madhumitha@gmail.com, course=BCA, batch=set34, fees=39000], StudentModel [studentId=19, name=Arunalatha, registerNo=28, gender=Female, age=41, phoneNumber=9003803703, currentStatus=Completed, emailId=Arunalatha@gmail.com, course=MSC, batch=set34, fees=29000], StudentModel [studentId=20, name=Elakiya, registerNo=58, gender=Female, age=31, phoneNumber=9003803703, currentStatus=Undergoing, emailId=Elakiya@gmail.com, course=PHD, batch=set54, fees=23000], StudentModel [studentId=82, name=Gugan, registerNo=679, gender=Male, age=23, phoneNumber=8098161001, currentStatus=Completed, emailId=Gugan@gmail.com, course=MCA, batch=set89, fees=19000], StudentModel [studentId=83, name=Rithika, registerNo=91, gender=Female, age=19, phoneNumber=8796756778, currentStatus=Completed, emailId=Rithika@gmail.com, course=Bsc, batch=set14, fees=23000]]
2024-03-06 12:57:34,380 [main] INFO  c.S.S.C.StudentControllerTest - Starting StudentControllerTest using Java 17.0.10 with PID 12000 (started by madhumitha in /home/madhumitha/JavaSpringBootProject/StudentDetails)
2024-03-06 12:57:34,382 [main] INFO  c.S.S.C.StudentControllerTest - No active profile set, falling back to 1 default profile: "default"
2024-03-06 12:57:35,716 [main] INFO  c.S.S.C.StudentControllerTest - Started StudentControllerTest in 1.641 seconds (process running for 3.91)
2024-03-06 12:58:09,682 [main] INFO  c.S.S.C.StudentControllerTest - Starting StudentControllerTest using Java 17.0.10 with PID 12083 (started by madhumitha in /home/madhumitha/JavaSpringBootProject/StudentDetails)
2024-03-06 12:58:09,683 [main] INFO  c.S.S.C.StudentControllerTest - No active profile set, falling back to 1 default profile: "default"
2024-03-06 12:58:11,018 [main] INFO  c.S.S.C.StudentControllerTest - Started StudentControllerTest in 1.611 seconds (process running for 3.793)
2024-03-06 13:00:22,259 [main] INFO  c.S.S.C.StudentControllerTest - Starting StudentControllerTest using Java 17.0.10 with PID 12270 (started by madhumitha in /home/madhumitha/JavaSpringBootProject/StudentDetails)
2024-03-06 13:00:22,260 [main] INFO  c.S.S.C.StudentControllerTest - No active profile set, falling back to 1 default profile: "default"
2024-03-06 13:00:23,460 [main] INFO  c.S.S.C.StudentControllerTest - Started StudentControllerTest in 1.459 seconds (process running for 3.671)
2024-03-06 13:03:25,440 [main] INFO  c.S.S.C.StudentControllerTest - Starting StudentControllerTest using Java 17.0.10 with PID 12469 (started by madhumitha in /home/madhumitha/JavaSpringBootProject/StudentDetails)
2024-03-06 13:03:25,441 [main] INFO  c.S.S.C.StudentControllerTest - No active profile set, falling back to 1 default profile: "default"
2024-03-06 13:03:26,964 [main] INFO  c.S.S.C.StudentControllerTest - Started StudentControllerTest in 1.784 seconds (process running for 3.654)
2024-03-06 13:03:47,281 [main] INFO  c.S.S.C.StudentControllerTest - Starting StudentControllerTest using Java 17.0.10 with PID 12551 (started by madhumitha in /home/madhumitha/JavaSpringBootProject/StudentDetails)
2024-03-06 13:03:47,283 [main] INFO  c.S.S.C.StudentControllerTest - No active profile set, falling back to 1 default profile: "default"
2024-03-06 13:03:48,779 [main] INFO  c.S.S.C.StudentControllerTest - Started StudentControllerTest in 1.775 seconds (process running for 3.875)
2024-03-06 13:13:57,939 [main] INFO  c.S.S.C.StudentControllerTest - Starting StudentControllerTest using Java 17.0.10 with PID 13336 (started by madhumitha in /home/madhumitha/JavaSpringBootProject/StudentDetails)
2024-03-06 13:13:57,940 [main] INFO  c.S.S.C.StudentControllerTest - No active profile set, falling back to 1 default profile: "default"
2024-03-06 13:13:59,741 [main] INFO  c.S.S.C.StudentControllerTest - Started StudentControllerTest in 2.034 seconds (process running for 3.225)
2024-03-06 13:14:00,917 [main] INFO  c.S.S.Controller.StudentController - Student inserted successfully
2024-03-06 13:21:44,108 [main] INFO  c.S.S.C.StudentControllerTest - Starting StudentControllerTest using Java 17.0.10 with PID 13996 (started by madhumitha in /home/madhumitha/JavaSpringBootProject/StudentDetails)
2024-03-06 13:21:44,109 [main] INFO  c.S.S.C.StudentControllerTest - No active profile set, falling back to 1 default profile: "default"
2024-03-06 13:21:46,068 [main] INFO  c.S.S.C.StudentControllerTest - Started StudentControllerTest in 2.168 seconds (process running for 3.363)
2024-03-06 13:21:47,656 [main] INFO  c.S.S.Controller.StudentController - StudentDetails is not deleted
2024-03-06 13:22:39,670 [main] INFO  c.S.S.C.StudentControllerTest - Starting StudentControllerTest using Java 17.0.10 with PID 14121 (started by madhumitha in /home/madhumitha/JavaSpringBootProject/StudentDetails)
2024-03-06 13:22:39,672 [main] INFO  c.S.S.C.StudentControllerTest - No active profile set, falling back to 1 default profile: "default"
2024-03-06 13:22:41,670 [main] INFO  c.S.S.C.StudentControllerTest - Started StudentControllerTest in 2.225 seconds (process running for 3.529)
2024-03-06 13:22:42,872 [main] INFO  c.S.S.Controller.StudentController - Student Details deleted successfully
2024-03-06 13:23:10,867 [http-nio-8080-exec-1] INFO  c.S.S.Controller.StudentController - Student inserted successfully
2024-03-06 13:23:27,587 [main] INFO  c.S.S.C.StudentControllerTest - Starting StudentControllerTest using Java 17.0.10 with PID 14241 (started by madhumitha in /home/madhumitha/JavaSpringBootProject/StudentDetails)
2024-03-06 13:23:27,587 [main] INFO  c.S.S.C.StudentControllerTest - No active profile set, falling back to 1 default profile: "default"
2024-03-06 13:23:29,539 [main] INFO  c.S.S.C.StudentControllerTest - Started StudentControllerTest in 2.192 seconds (process running for 3.26)
2024-03-06 13:23:30,635 [main] INFO  c.S.S.Controller.StudentController - Student Details deleted successfully
2024-03-06 13:24:41,195 [http-nio-8080-exec-5] INFO  c.S.S.Controller.StudentController - Student inserted successfully
2024-03-06 13:25:50,319 [main] INFO  c.S.S.C.StudentControllerTest - Starting StudentControllerTest using Java 17.0.10 with PID 14453 (started by madhumitha in /home/madhumitha/JavaSpringBootProject/StudentDetails)
2024-03-06 13:25:50,320 [main] INFO  c.S.S.C.StudentControllerTest - No active profile set, falling back to 1 default profile: "default"
2024-03-06 13:25:52,335 [main] INFO  c.S.S.C.StudentControllerTest - Started StudentControllerTest in 2.231 seconds (process running for 3.402)
2024-03-06 13:25:53,689 [main] INFO  c.S.S.Controller.StudentController - Student Updates successfully
2024-03-06 13:37:31,397 [main] INFO  c.S.S.C.StudentControllerTest - Starting StudentControllerTest using Java 17.0.10 with PID 15113 (started by madhumitha in /home/madhumitha/JavaSpringBootProject/StudentDetails)
2024-03-06 13:37:31,398 [main] INFO  c.S.S.C.StudentControllerTest - No active profile set, falling back to 1 default profile: "default"
2024-03-06 13:37:33,039 [main] INFO  c.S.S.C.StudentControllerTest - Started StudentControllerTest in 1.846 seconds (process running for 2.912)
2024-03-06 13:37:34,012 [main] INFO  c.S.S.Controller.StudentController - [StudentModel [studentId=16, name=Madhumitha, registerNo=68, gender=Female, age=21, phoneNumber=7708108426, currentStatus=Completed, emailId=Madhumitha@gmail.com, course=BCA, batch=set34, fees=39000], StudentModel [studentId=19, name=Arunalatha, registerNo=28, gender=Female, age=41, phoneNumber=9003803703, currentStatus=Completed, emailId=Arunalatha@gmail.com, course=MSC, batch=set34, fees=29000], StudentModel [studentId=20, name=Elakiya, registerNo=58, gender=Female, age=31, phoneNumber=9003803703, currentStatus=Undergoing, emailId=Elakiya@gmail.com, course=PHD, batch=set54, fees=23000], StudentModel [studentId=86, name=Gugan, registerNo=679, gender=Male, age=23, phoneNumber=8098161001, currentStatus=Completed, emailId=Gugan@gmail.com, course=MCA, batch=set89, fees=19000]]
2024-03-06 13:42:50,374 [main] INFO  c.S.S.C.StudentControllerTest - Starting StudentControllerTest using Java 17.0.10 with PID 15492 (started by madhumitha in /home/madhumitha/JavaSpringBootProject/StudentDetails)
2024-03-06 13:42:50,374 [main] INFO  c.S.S.C.StudentControllerTest - No active profile set, falling back to 1 default profile: "default"
2024-03-06 13:42:51,861 [main] INFO  c.S.S.C.StudentControllerTest - Started StudentControllerTest in 1.667 seconds (process running for 2.602)
2024-03-06 13:42:52,793 [main] INFO  c.S.S.Controller.StudentController - [StudentModel [studentId=16, name=Madhumitha, registerNo=68, gender=Female, age=21, phoneNumber=7708108426, currentStatus=Completed, emailId=Madhumitha@gmail.com, course=BCA, batch=set34, fees=39000], StudentModel [studentId=19, name=Arunalatha, registerNo=28, gender=Female, age=41, phoneNumber=9003803703, currentStatus=Completed, emailId=Arunalatha@gmail.com, course=MSC, batch=set34, fees=29000], StudentModel [studentId=20, name=Elakiya, registerNo=58, gender=Female, age=31, phoneNumber=9003803703, currentStatus=Undergoing, emailId=Elakiya@gmail.com, course=PHD, batch=set54, fees=23000], StudentModel [studentId=86, name=Gugan, registerNo=679, gender=Male, age=23, phoneNumber=8098161001, currentStatus=Completed, emailId=Gugan@gmail.com, course=MCA, batch=set89, fees=19000]]
2024-03-06 13:43:12,772 [main] INFO  c.S.S.C.StudentControllerTest - Starting StudentControllerTest using Java 17.0.10 with PID 15582 (started by madhumitha in /home/madhumitha/JavaSpringBootProject/StudentDetails)
2024-03-06 13:43:12,772 [main] INFO  c.S.S.C.StudentControllerTest - No active profile set, falling back to 1 default profile: "default"
2024-03-06 13:43:14,303 [main] INFO  c.S.S.C.StudentControllerTest - Started StudentControllerTest in 1.721 seconds (process running for 2.755)
2024-03-06 13:43:15,306 [main] INFO  c.S.S.Controller.StudentController - [StudentModel [studentId=16, name=Madhumitha, registerNo=68, gender=Female, age=21, phoneNumber=7708108426, currentStatus=Completed, emailId=Madhumitha@gmail.com, course=BCA, batch=set34, fees=39000], StudentModel [studentId=19, name=Arunalatha, registerNo=28, gender=Female, age=41, phoneNumber=9003803703, currentStatus=Completed, emailId=Arunalatha@gmail.com, course=MSC, batch=set34, fees=29000], StudentModel [studentId=20, name=Elakiya, registerNo=58, gender=Female, age=31, phoneNumber=9003803703, currentStatus=Undergoing, emailId=Elakiya@gmail.com, course=PHD, batch=set54, fees=23000], StudentModel [studentId=86, name=Gugan, registerNo=679, gender=Male, age=23, phoneNumber=8098161001, currentStatus=Completed, emailId=Gugan@gmail.com, course=MCA, batch=set89, fees=19000]]
2024-03-06 13:43:57,096 [main] INFO  c.S.S.C.StudentControllerTest - Starting StudentControllerTest using Java 17.0.10 with PID 15668 (started by madhumitha in /home/madhumitha/JavaSpringBootProject/StudentDetails)
2024-03-06 13:43:57,097 [main] INFO  c.S.S.C.StudentControllerTest - No active profile set, falling back to 1 default profile: "default"
2024-03-06 13:43:58,757 [main] INFO  c.S.S.C.StudentControllerTest - Started StudentControllerTest in 1.901 seconds (process running for 2.893)
2024-03-06 13:43:59,690 [main] INFO  c.S.S.Controller.StudentController - [StudentModel [studentId=16, name=Madhumitha, registerNo=68, gender=Female, age=21, phoneNumber=7708108426, currentStatus=Completed, emailId=Madhumitha@gmail.com, course=BCA, batch=set34, fees=39000], StudentModel [studentId=19, name=Arunalatha, registerNo=28, gender=Female, age=41, phoneNumber=9003803703, currentStatus=Completed, emailId=Arunalatha@gmail.com, course=MSC, batch=set34, fees=29000], StudentModel [studentId=20, name=Elakiya, registerNo=58, gender=Female, age=31, phoneNumber=9003803703, currentStatus=Undergoing, emailId=Elakiya@gmail.com, course=PHD, batch=set54, fees=23000], StudentModel [studentId=86, name=Gugan, registerNo=679, gender=Male, age=23, phoneNumber=8098161001, currentStatus=Completed, emailId=Gugan@gmail.com, course=MCA, batch=set89, fees=19000]]
2024-03-06 13:45:51,910 [main] INFO  c.S.S.C.StudentControllerTest - Starting StudentControllerTest using Java 17.0.10 with PID 15841 (started by madhumitha in /home/madhumitha/JavaSpringBootProject/StudentDetails)
2024-03-06 13:45:51,911 [main] INFO  c.S.S.C.StudentControllerTest - No active profile set, falling back to 1 default profile: "default"
2024-03-06 13:45:53,587 [main] INFO  c.S.S.C.StudentControllerTest - Started StudentControllerTest in 1.906 seconds (process running for 2.905)
2024-03-06 13:45:54,554 [main] INFO  c.S.S.Controller.StudentController - [StudentModel [studentId=16, name=Madhumitha, registerNo=68, gender=Female, age=21, phoneNumber=7708108426, currentStatus=Completed, emailId=Madhumitha@gmail.com, course=BCA, batch=set34, fees=39000], StudentModel [studentId=19, name=Arunalatha, registerNo=28, gender=Female, age=41, phoneNumber=9003803703, currentStatus=Completed, emailId=Arunalatha@gmail.com, course=MSC, batch=set34, fees=29000], StudentModel [studentId=20, name=Elakiya, registerNo=58, gender=Female, age=31, phoneNumber=9003803703, currentStatus=Undergoing, emailId=Elakiya@gmail.com, course=PHD, batch=set54, fees=23000], StudentModel [studentId=86, name=Gugan, registerNo=679, gender=Male, age=23, phoneNumber=8098161001, currentStatus=Completed, emailId=Gugan@gmail.com, course=MCA, batch=set89, fees=19000]]
2024-03-06 14:51:04,707 [main] INFO  c.S.S.C.StudentControllerTest - Starting StudentControllerTest using Java 17.0.10 with PID 18422 (started by madhumitha in /home/madhumitha/JavaSpringBootProject/StudentDetails)
2024-03-06 14:51:04,708 [main] INFO  c.S.S.C.StudentControllerTest - No active profile set, falling back to 1 default profile: "default"
2024-03-06 14:51:06,492 [main] INFO  c.S.S.C.StudentControllerTest - Started StudentControllerTest in 1.971 seconds (process running for 3.031)
2024-03-06 14:51:07,735 [main] INFO  c.S.S.Controller.StudentController - Student record is not inserted
2024-03-06 14:51:07,785 [main] INFO  c.S.S.Controller.StudentController - Student Updates successfully
2024-03-06 14:51:07,823 [main] INFO  c.S.S.Controller.StudentController - [StudentModel [studentId=16, name=Madhumitha, registerNo=68, gender=Female, age=21, phoneNumber=7708108426, currentStatus=Completed, emailId=Madhumitha@gmail.com, course=BCA, batch=set34, fees=39000], StudentModel [studentId=19, name=Arunalatha, registerNo=28, gender=Female, age=41, phoneNumber=9003803703, currentStatus=Completed, emailId=Arunalatha@gmail.com, course=MSC, batch=set34, fees=29000], StudentModel [studentId=20, name=Elakiya, registerNo=58, gender=Female, age=31, phoneNumber=9003803703, currentStatus=Undergoing, emailId=Elakiya@gmail.com, course=PHD, batch=set54, fees=23000], StudentModel [studentId=86, name=Gugan, registerNo=679, gender=Male, age=23, phoneNumber=8098161001, currentStatus=Completed, emailId=Gugan@gmail.com, course=MCA, batch=set89, fees=19000]]
2024-03-06 14:51:07,897 [main] INFO  c.S.S.Controller.StudentController - [StudentModel [studentId=16, name=Madhumitha, registerNo=68, gender=Female, age=21, phoneNumber=7708108426, currentStatus=Completed, emailId=Madhumitha@gmail.com, course=BCA, batch=set34, fees=39000], StudentModel [studentId=19, name=Arunalatha, registerNo=28, gender=Female, age=41, phoneNumber=9003803703, currentStatus=Completed, emailId=Arunalatha@gmail.com, course=MSC, batch=set34, fees=29000], StudentModel [studentId=20, name=Elakiya, registerNo=58, gender=Female, age=31, phoneNumber=9003803703, currentStatus=Undergoing, emailId=Elakiya@gmail.com, course=PHD, batch=set54, fees=23000], StudentModel [studentId=86, name=Gugan, registerNo=679, gender=Male, age=23, phoneNumber=8098161001, currentStatus=Completed, emailId=Gugan@gmail.com, course=MCA, batch=set89, fees=19000]]
2024-03-06 14:51:07,913 [main] INFO  c.S.S.Controller.StudentController - StudentDetails is not deleted
2024-03-06 14:52:03,443 [main] INFO  c.S.S.C.StudentControllerTest - Starting StudentControllerTest using Java 17.0.10 with PID 18527 (started by madhumitha in /home/madhumitha/JavaSpringBootProject/StudentDetails)
2024-03-06 14:52:03,444 [main] INFO  c.S.S.C.StudentControllerTest - No active profile set, falling back to 1 default profile: "default"
2024-03-06 14:52:05,067 [main] INFO  c.S.S.C.StudentControllerTest - Started StudentControllerTest in 1.809 seconds (process running for 2.91)
2024-03-06 14:52:06,163 [main] INFO  c.S.S.Controller.StudentController - Student inserted successfully
2024-03-06 14:52:06,206 [main] INFO  c.S.S.Controller.StudentController - Student Updates successfully
2024-03-06 14:52:06,235 [main] INFO  c.S.S.Controller.StudentController - [StudentModel [studentId=16, name=Madhumitha, registerNo=68, gender=Female, age=21, phoneNumber=7708108426, currentStatus=Completed, emailId=Madhumitha@gmail.com, course=BCA, batch=set34, fees=39000], StudentModel [studentId=19, name=Arunalatha, registerNo=28, gender=Female, age=41, phoneNumber=9003803703, currentStatus=Completed, emailId=Arunalatha@gmail.com, course=MSC, batch=set34, fees=29000], StudentModel [studentId=20, name=Elakiya, registerNo=58, gender=Female, age=31, phoneNumber=9003803703, currentStatus=Undergoing, emailId=Elakiya@gmail.com, course=PHD, batch=set54, fees=23000], StudentModel [studentId=86, name=Gugan, registerNo=679, gender=Male, age=23, phoneNumber=8098161001, currentStatus=Completed, emailId=Gugan@gmail.com, course=MCA, batch=set89, fees=19000]]
2024-03-06 14:52:06,305 [main] INFO  c.S.S.Controller.StudentController - [StudentModel [studentId=16, name=Madhumitha, registerNo=68, gender=Female, age=21, phoneNumber=7708108426, currentStatus=Completed, emailId=Madhumitha@gmail.com, course=BCA, batch=set34, fees=39000], StudentModel [studentId=19, name=Arunalatha, registerNo=28, gender=Female, age=41, phoneNumber=9003803703, currentStatus=Completed, emailId=Arunalatha@gmail.com, course=MSC, batch=set34, fees=29000], StudentModel [studentId=20, name=Elakiya, registerNo=58, gender=Female, age=31, phoneNumber=9003803703, currentStatus=Undergoing, emailId=Elakiya@gmail.com, course=PHD, batch=set54, fees=23000], StudentModel [studentId=86, name=Gugan, registerNo=679, gender=Male, age=23, phoneNumber=8098161001, currentStatus=Completed, emailId=Gugan@gmail.com, course=MCA, batch=set89, fees=19000]]
2024-03-06 14:52:06,321 [main] INFO  c.S.S.Controller.StudentController - StudentDetails is not deleted
2024-03-06 14:52:31,432 [main] INFO  c.S.S.C.StudentControllerTest - Starting StudentControllerTest using Java 17.0.10 with PID 18611 (started by madhumitha in /home/madhumitha/JavaSpringBootProject/StudentDetails)
2024-03-06 14:52:31,433 [main] INFO  c.S.S.C.StudentControllerTest - No active profile set, falling back to 1 default profile: "default"
2024-03-06 14:52:33,000 [main] INFO  c.S.S.C.StudentControllerTest - Started StudentControllerTest in 1.797 seconds (process running for 2.774)
2024-03-06 14:52:34,110 [main] INFO  c.S.S.Controller.StudentController - Student inserted successfully
2024-03-06 14:52:34,156 [main] INFO  c.S.S.Controller.StudentController - Student Updates successfully
2024-03-06 14:52:34,190 [main] INFO  c.S.S.Controller.StudentController - [StudentModel [studentId=16, name=Madhumitha, registerNo=68, gender=Female, age=21, phoneNumber=7708108426, currentStatus=Completed, emailId=Madhumitha@gmail.com, course=BCA, batch=set34, fees=39000], StudentModel [studentId=19, name=Arunalatha, registerNo=28, gender=Female, age=41, phoneNumber=9003803703, currentStatus=Completed, emailId=Arunalatha@gmail.com, course=MSC, batch=set34, fees=29000], StudentModel [studentId=20, name=Elakiya, registerNo=58, gender=Female, age=31, phoneNumber=9003803703, currentStatus=Undergoing, emailId=Elakiya@gmail.com, course=PHD, batch=set54, fees=23000], StudentModel [studentId=86, name=Gugan, registerNo=679, gender=Male, age=23, phoneNumber=8098161001, currentStatus=Completed, emailId=Gugan@gmail.com, course=MCA, batch=set89, fees=19000]]
2024-03-06 14:52:34,258 [main] INFO  c.S.S.Controller.StudentController - [StudentModel [studentId=16, name=Madhumitha, registerNo=68, gender=Female, age=21, phoneNumber=7708108426, currentStatus=Completed, emailId=Madhumitha@gmail.com, course=BCA, batch=set34, fees=39000], StudentModel [studentId=19, name=Arunalatha, registerNo=28, gender=Female, age=41, phoneNumber=9003803703, currentStatus=Completed, emailId=Arunalatha@gmail.com, course=MSC, batch=set34, fees=29000], StudentModel [studentId=20, name=Elakiya, registerNo=58, gender=Female, age=31, phoneNumber=9003803703, currentStatus=Undergoing, emailId=Elakiya@gmail.com, course=PHD, batch=set54, fees=23000], StudentModel [studentId=86, name=Gugan, registerNo=679, gender=Male, age=23, phoneNumber=8098161001, currentStatus=Completed, emailId=Gugan@gmail.com, course=MCA, batch=set89, fees=19000]]
2024-03-06 14:52:34,271 [main] INFO  c.S.S.Controller.StudentController - StudentDetails is not deleted
2024-03-06 14:52:53,790 [main] INFO  c.S.S.C.StudentControllerTest - Starting StudentControllerTest using Java 17.0.10 with PID 18687 (started by madhumitha in /home/madhumitha/JavaSpringBootProject/StudentDetails)
2024-03-06 14:52:53,792 [main] INFO  c.S.S.C.StudentControllerTest - No active profile set, falling back to 1 default profile: "default"
2024-03-06 14:52:55,514 [main] INFO  c.S.S.C.StudentControllerTest - Started StudentControllerTest in 2.026 seconds (process running for 3.104)
2024-03-06 14:52:56,622 [main] INFO  c.S.S.Controller.StudentController - Student inserted successfully
2024-03-06 14:52:56,664 [main] INFO  c.S.S.Controller.StudentController - Student Updates successfully
2024-03-06 14:52:56,693 [main] INFO  c.S.S.Controller.StudentController - [StudentModel [studentId=16, name=Madhumitha, registerNo=68, gender=Female, age=21, phoneNumber=7708108426, currentStatus=Completed, emailId=Madhumitha@gmail.com, course=BCA, batch=set34, fees=39000], StudentModel [studentId=19, name=Arunalatha, registerNo=28, gender=Female, age=41, phoneNumber=9003803703, currentStatus=Completed, emailId=Arunalatha@gmail.com, course=MSC, batch=set34, fees=29000], StudentModel [studentId=20, name=Elakiya, registerNo=58, gender=Female, age=31, phoneNumber=9003803703, currentStatus=Undergoing, emailId=Elakiya@gmail.com, course=PHD, batch=set54, fees=23000], StudentModel [studentId=86, name=Gugan, registerNo=679, gender=Male, age=23, phoneNumber=8098161001, currentStatus=Completed, emailId=Gugan@gmail.com, course=MCA, batch=set89, fees=19000]]
2024-03-06 14:52:56,749 [main] INFO  c.S.S.Controller.StudentController - [StudentModel [studentId=16, name=Madhumitha, registerNo=68, gender=Female, age=21, phoneNumber=7708108426, currentStatus=Completed, emailId=Madhumitha@gmail.com, course=BCA, batch=set34, fees=39000], StudentModel [studentId=19, name=Arunalatha, registerNo=28, gender=Female, age=41, phoneNumber=9003803703, currentStatus=Completed, emailId=Arunalatha@gmail.com, course=MSC, batch=set34, fees=29000], StudentModel [studentId=20, name=Elakiya, registerNo=58, gender=Female, age=31, phoneNumber=9003803703, currentStatus=Undergoing, emailId=Elakiya@gmail.com, course=PHD, batch=set54, fees=23000], StudentModel [studentId=86, name=Gugan, registerNo=679, gender=Male, age=23, phoneNumber=8098161001, currentStatus=Completed, emailId=Gugan@gmail.com, course=MCA, batch=set89, fees=19000]]
2024-03-06 14:52:56,762 [main] INFO  c.S.S.Controller.StudentController - Student Details deleted successfully
2024-03-06 19:40:20,580 [main] INFO  c.S.S.C.StudentControllerTest - Starting StudentControllerTest using Java 17.0.10 with PID 39509 (started by madhumitha in /home/madhumitha/JavaSpringBootProject/StudentDetails)
2024-03-06 19:40:20,581 [main] INFO  c.S.S.C.StudentControllerTest - No active profile set, falling back to 1 default profile: "default"
2024-03-06 19:40:22,423 [main] INFO  c.S.S.C.StudentControllerTest - Started StudentControllerTest in 2.08 seconds (process running for 3.208)
2024-03-06 19:40:23,579 [main] INFO  c.S.S.Controller.StudentController - Student inserted successfully
2024-03-06 19:40:23,627 [main] INFO  c.S.S.Controller.StudentController - Student Updates successfully
2024-03-06 19:40:23,657 [main] INFO  c.S.S.Controller.StudentController - [StudentModel [studentId=16, name=Madhumitha, registerNo=68, gender=Female, age=21, phoneNumber=7708108426, currentStatus=Completed, emailId=Madhumitha@gmail.com, course=BCA, batch=set34, fees=39000], StudentModel [studentId=19, name=Arunalatha, registerNo=28, gender=Female, age=41, phoneNumber=9003803703, currentStatus=Completed, emailId=Arunalatha@gmail.com, course=MSC, batch=set34, fees=29000], StudentModel [studentId=20, name=Elakiya, registerNo=58, gender=Female, age=31, phoneNumber=9003803703, currentStatus=Undergoing, emailId=Elakiya@gmail.com, course=PHD, batch=set54, fees=23000], StudentModel [studentId=86, name=Gugan, registerNo=679, gender=Male, age=23, phoneNumber=8098161001, currentStatus=Completed, emailId=Gugan@gmail.com, course=MCA, batch=set89, fees=19000]]
2024-03-06 19:40:23,732 [main] INFO  c.S.S.Controller.StudentController - [StudentModel [studentId=16, name=Madhumitha, registerNo=68, gender=Female, age=21, phoneNumber=7708108426, currentStatus=Completed, emailId=Madhumitha@gmail.com, course=BCA, batch=set34, fees=39000], StudentModel [studentId=19, name=Arunalatha, registerNo=28, gender=Female, age=41, phoneNumber=9003803703, currentStatus=Completed, emailId=Arunalatha@gmail.com, course=MSC, batch=set34, fees=29000], StudentModel [studentId=20, name=Elakiya, registerNo=58, gender=Female, age=31, phoneNumber=9003803703, currentStatus=Undergoing, emailId=Elakiya@gmail.com, course=PHD, batch=set54, fees=23000], StudentModel [studentId=86, name=Gugan, registerNo=679, gender=Male, age=23, phoneNumber=8098161001, currentStatus=Completed, emailId=Gugan@gmail.com, course=MCA, batch=set89, fees=19000]]
2024-03-06 19:40:23,748 [main] INFO  c.S.S.Controller.StudentController - Student Details deleted successfully
2024-03-07 13:36:16,409 [http-nio-8080-exec-3] INFO  c.S.S.Controller.StudentController - [StudentModel [studentId=16, name=Madhumitha, registerNo=68, gender=Female, age=21, phoneNumber=7708108426, currentStatus=Completed, emailId=Madhumitha@gmail.com, course=BCA, batch=set34, fees=39000], StudentModel [studentId=19, name=Arunalatha, registerNo=28, gender=Female, age=41, phoneNumber=9003803703, currentStatus=Completed, emailId=Arunalatha@gmail.com, course=MSC, batch=set34, fees=29000], StudentModel [studentId=20, name=Elakiya, registerNo=58, gender=Female, age=31, phoneNumber=9003803703, currentStatus=Undergoing, emailId=Elakiya@gmail.com, course=PHD, batch=set54, fees=23000], StudentModel [studentId=86, name=Gugan, registerNo=679, gender=Male, age=23, phoneNumber=8098161001, currentStatus=Completed, emailId=Gugan@gmail.com, course=MCA, batch=set89, fees=19000]]
2024-03-13 12:41:32,711 [http-nio-8080-exec-1] INFO  c.S.S.Controller.StudentController - Student record is not inserted
2024-03-13 12:42:35,579 [http-nio-8080-exec-4] INFO  c.S.S.Controller.StudentController - Student record is not inserted
2024-03-13 12:42:53,436 [http-nio-8080-exec-1] INFO  c.S.S.Controller.StudentController - Student record is not inserted
2024-03-13 12:43:42,154 [http-nio-8080-exec-1] INFO  c.S.S.Controller.StudentController - Student record is not inserted
2024-03-13 12:44:01,171 [http-nio-8080-exec-3] INFO  c.S.S.Controller.StudentController - Student record is not inserted
2024-03-13 12:45:19,780 [http-nio-8080-exec-1] INFO  c.S.S.Controller.StudentController - Student inserted successfully
2024-03-13 17:45:02,616 [http-nio-8080-exec-8] INFO  c.S.S.Controller.StudentController - Student record is not inserted
2024-03-13 17:45:21,110 [http-nio-8080-exec-10] INFO  c.S.S.Controller.StudentController - Student inserted successfully
2024-03-13 18:36:08,952 [http-nio-8080-exec-2] INFO  c.S.S.Controller.StudentController - Student record is not inserted
2024-03-13 18:37:19,251 [http-nio-8080-exec-4] INFO  c.S.S.Controller.StudentController - Student inserted successfully
2024-03-13 18:59:47,449 [http-nio-8080-exec-5] INFO  c.S.S.Controller.StudentController - Student record is not inserted
2024-03-13 19:00:02,271 [http-nio-8080-exec-7] INFO  c.S.S.Controller.StudentController - Student inserted successfully
2024-03-13 19:02:36,394 [http-nio-8080-exec-2] INFO  c.S.S.Controller.StudentController - StudentModel [studentId=20, name=Elakiya, registerNo=58, gender=Female, age=31, phoneNumber=9003803703, currentStatus=Undergoing, emailId=Elakiya@gmail.com, course=PHD, batch=set54, fees=23000, role=ROLE_STUDENT, password=elakiya]
2024-03-13 19:04:36,904 [http-nio-8080-exec-5] INFO  c.S.S.Controller.StudentController - StudentModel [studentId=20, name=Elakiya, registerNo=58, gender=Female, age=31, phoneNumber=9003803703, currentStatus=Undergoing, emailId=Elakiya@gmail.com, course=PHD, batch=set54, fees=23000, role=ROLE_STUDENT, password=elakiya]
2024-03-13 19:05:44,249 [http-nio-8080-exec-8] INFO  c.S.S.Controller.StudentController - Student Details deleted successfully
2024-03-14 11:46:21,125 [http-nio-8080-exec-3] INFO  c.S.S.Controller.StudentController - null
2024-03-14 11:47:22,097 [http-nio-8080-exec-7] INFO  c.S.S.Controller.StudentController - StudentModel [studentId=19, name=Arunalatha, registerNo=28, gender=Female, age=41, phoneNumber=9003803703, currentStatus=Completed, emailId=Arunalatha@gmail.com, course=MSC, batch=set34, fees=29000, role=ROLE_STUDENT, password=arunalatha]
2024-03-15 15:59:39,428 [http-nio-8080-exec-6] INFO  c.S.S.Controller.StudentController - [StudentModel [studentId=16, name=Madhumitha, registerNo=68, gender=Female, age=21, phoneNumber=7708108426, currentStatus=Completed, emailId=Madhumitha@gmail.com, course=BCA, batch=set34, fees=39000, role=ROLE_STUDENT, password=madhumitha], StudentModel [studentId=19, name=Arunalatha, registerNo=28, gender=Female, age=41, phoneNumber=9003803703, currentStatus=Completed, emailId=Arunalatha@gmail.com, course=MSC, batch=set34, fees=29000, role=ROLE_STUDENT, password=arunalatha], StudentModel [studentId=86, name=Gugan, registerNo=679, gender=Male, age=23, phoneNumber=8098161001, currentStatus=Completed, emailId=Gugan@gmail.com, course=MCA, batch=set89, fees=19000, role=ROLE_STUDENT, password=guganraj], StudentModel [studentId=95, name=Rithika, registerNo=92, gender=Female, age=19, phoneNumber=8796756778, currentStatus=Completed, emailId=Rithika@gmail.com, course=Bsc, batch=set14, fees=23000, role=ROLE_STUDENT, password=$2a$10$tV2Bv8BFF3N8juz1LOn1tus.DAUo/ctOE7LhTYTpZ9xfdlXDDKu0G], StudentModel [studentId=97, name=Arjun, registerNo=93, gender=male, age=19, phoneNumber=8796756778, currentStatus=Completed, emailId=Arjun@gmail.com, course=Bsc, batch=set14, fees=23000, role=ROLE_STUDENT, password=$2a$10$h3wkDlZCGxbq2q7M/6KIV.uPMoN/HxCfn6dpu.amDFFOg7kvgCJD6]]
2024-03-15 16:00:52,122 [http-nio-8080-exec-1] INFO  c.S.S.Controller.StudentController - [StudentModel [studentId=16, name=Madhumitha, registerNo=68, gender=Female, age=21, phoneNumber=7708108426, currentStatus=Completed, emailId=Madhumitha@gmail.com, course=BCA, batch=set34, fees=39000, role=ROLE_STUDENT, password=madhumitha], StudentModel [studentId=19, name=Arunalatha, registerNo=28, gender=Female, age=41, phoneNumber=9003803703, currentStatus=Completed, emailId=Arunalatha@gmail.com, course=MSC, batch=set34, fees=29000, role=ROLE_STUDENT, password=arunalatha], StudentModel [studentId=86, name=Gugan, registerNo=679, gender=Male, age=23, phoneNumber=8098161001, currentStatus=Completed, emailId=Gugan@gmail.com, course=MCA, batch=set89, fees=19000, role=ROLE_STUDENT, password=guganraj], StudentModel [studentId=95, name=Rithika, registerNo=92, gender=Female, age=19, phoneNumber=8796756778, currentStatus=Completed, emailId=Rithika@gmail.com, course=Bsc, batch=set14, fees=23000, role=ROLE_STUDENT, password=$2a$10$tV2Bv8BFF3N8juz1LOn1tus.DAUo/ctOE7LhTYTpZ9xfdlXDDKu0G], StudentModel [studentId=97, name=Arjun, registerNo=93, gender=male, age=19, phoneNumber=8796756778, currentStatus=Completed, emailId=Arjun@gmail.com, course=Bsc, batch=set14, fees=23000, role=ROLE_STUDENT, password=$2a$10$h3wkDlZCGxbq2q7M/6KIV.uPMoN/HxCfn6dpu.amDFFOg7kvgCJD6]]
2024-03-15 16:02:33,043 [http-nio-8080-exec-4] INFO  c.S.S.Controller.StudentController - [StudentModel [studentId=16, name=Madhumitha, registerNo=68, gender=Female, age=21, phoneNumber=7708108426, currentStatus=Completed, emailId=Madhumitha@gmail.com, course=BCA, batch=set34, fees=39000, role=ROLE_STUDENT, password=madhumitha], StudentModel [studentId=19, name=Arunalatha, registerNo=28, gender=Female, age=41, phoneNumber=9003803703, currentStatus=Completed, emailId=Arunalatha@gmail.com, course=MSC, batch=set34, fees=29000, role=ROLE_STUDENT, password=arunalatha], StudentModel [studentId=86, name=Gugan, registerNo=679, gender=Male, age=23, phoneNumber=8098161001, currentStatus=Completed, emailId=Gugan@gmail.com, course=MCA, batch=set89, fees=19000, role=ROLE_STUDENT, password=guganraj], StudentModel [studentId=95, name=Rithika, registerNo=92, gender=Female, age=19, phoneNumber=8796756778, currentStatus=Completed, emailId=Rithika@gmail.com, course=Bsc, batch=set14, fees=23000, role=ROLE_STUDENT, password=$2a$10$tV2Bv8BFF3N8juz1LOn1tus.DAUo/ctOE7LhTYTpZ9xfdlXDDKu0G], StudentModel [studentId=97, name=Arjun, registerNo=93, gender=male, age=19, phoneNumber=8796756778, currentStatus=Completed, emailId=Arjun@gmail.com, course=Bsc, batch=set14, fees=23000, role=ROLE_STUDENT, password=$2a$10$h3wkDlZCGxbq2q7M/6KIV.uPMoN/HxCfn6dpu.amDFFOg7kvgCJD6]]
2024-03-15 16:15:43,316 [http-nio-8080-exec-4] INFO  c.S.S.Controller.StudentController - [StudentModel [studentId=16, name=Madhumitha, registerNo=68, gender=Female, age=21, phoneNumber=7708108426, currentStatus=Completed, emailId=Madhumitha@gmail.com, course=BCA, batch=set34, fees=39000, role=ROLE_STUDENT, password=madhumitha], StudentModel [studentId=19, name=Arunalatha, registerNo=28, gender=Female, age=41, phoneNumber=9003803703, currentStatus=Completed, emailId=Arunalatha@gmail.com, course=MSC, batch=set34, fees=29000, role=ROLE_STUDENT, password=arunalatha], StudentModel [studentId=86, name=Gugan, registerNo=679, gender=Male, age=23, phoneNumber=8098161001, currentStatus=Completed, emailId=Gugan@gmail.com, course=MCA, batch=set89, fees=19000, role=ROLE_STUDENT, password=guganraj], StudentModel [studentId=95, name=Rithika, registerNo=92, gender=Female, age=19, phoneNumber=8796756778, currentStatus=Completed, emailId=Rithika@gmail.com, course=Bsc, batch=set14, fees=23000, role=ROLE_STUDENT, password=$2a$10$tV2Bv8BFF3N8juz1LOn1tus.DAUo/ctOE7LhTYTpZ9xfdlXDDKu0G], StudentModel [studentId=97, name=Arjun, registerNo=93, gender=male, age=19, phoneNumber=8796756778, currentStatus=Completed, emailId=Arjun@gmail.com, course=Bsc, batch=set14, fees=23000, role=ROLE_STUDENT, password=$2a$10$h3wkDlZCGxbq2q7M/6KIV.uPMoN/HxCfn6dpu.amDFFOg7kvgCJD6]]
2024-03-15 17:38:57,459 [http-nio-8080-exec-10] INFO  c.S.S.Controller.StudentController - StudentModel [studentId=19, name=Arunalatha, registerNo=28, gender=Female, age=41, phoneNumber=9003803703, currentStatus=Completed, emailId=Arunalatha@gmail.com, course=MSC, batch=set34, fees=29000, role=ROLE_STUDENT, password=arunalatha]
2024-03-15 17:40:33,649 [http-nio-8080-exec-3] INFO  c.S.S.Controller.StudentController - StudentModel [studentId=19, name=Arunalatha, registerNo=28, gender=Female, age=41, phoneNumber=9003803703, currentStatus=Completed, emailId=Arunalatha@gmail.com, course=MSC, batch=set34, fees=29000, role=ROLE_STUDENT, password=arunalatha]
2024-03-15 17:42:50,066 [http-nio-8080-exec-8] INFO  c.S.S.Controller.StudentController - StudentModel [studentId=19, name=Arunalatha, registerNo=28, gender=Female, age=41, phoneNumber=9003803703, currentStatus=Completed, emailId=Arunalatha@gmail.com, course=MSC, batch=set34, fees=29000, role=ROLE_STUDENT, password=arunalatha]
2024-03-15 17:43:03,319 [http-nio-8080-exec-10] INFO  c.S.S.Controller.StudentController - StudentModel [studentId=19, name=Arunalatha, registerNo=28, gender=Female, age=41, phoneNumber=9003803703, currentStatus=Completed, emailId=Arunalatha@gmail.com, course=MSC, batch=set34, fees=29000, role=ROLE_STUDENT, password=arunalatha]
2024-03-15 17:59:15,931 [http-nio-8080-exec-4] INFO  c.S.S.Controller.StudentController - StudentModel [studentId=19, name=Arunalatha, registerNo=28, gender=Female, age=41, phoneNumber=9003803703, currentStatus=Completed, emailId=Arunalatha@gmail.com, course=MSC, batch=set34, fees=29000, role=ROLE_STUDENT, password=arunalatha]
2024-03-15 19:18:58,658 [http-nio-8080-exec-6] INFO  c.S.S.Controller.StudentController - StudentModel [studentId=19, name=Arunalatha, registerNo=28, gender=Female, age=41, phoneNumber=9003803703, currentStatus=Completed, emailId=Arunalatha@gmail.com, course=MSC, batch=set34, fees=29000, role=ROLE_STUDENT, password=arunalatha]
