2024-03-04 11:54:04,360 [http-nio-8080-exec-2] ERROR c.S.S.Repository.StudentDAOImpl - Error occurred while finding student by ID: PreparedStatementCallback; bad SQL grammar [SELECT * FROM Students WHERE Student_id = ?]
2024-03-04 17:58:57,382 [http-nio-8080-exec-1] ERROR c.S.S.Repository.StudentDAOImpl - Error occurred while adding student details: PreparedStatementCallback; SQL [INSERT INTO Student VALUES (?, ?, ?, ?, ?, ?, ?, ?, ?, ?,?)]; Duplicate entry '38' for key 'Register_No'
2024-03-04 18:04:11,765 [http-nio-8080-exec-8] ERROR c.S.S.Repository.StudentDAOImpl - Error occurred while adding student details: PreparedStatementCallback; SQL [INSERT INTO Student VALUES (?, ?, ?, ?, ?, ?, ?, ?, ?, ?,?)]; Duplicate entry '98' for key 'Register_No'
2024-03-05 16:32:41,770 [http-nio-8080-exec-1] ERROR c.S.S.Repository.StudentDAOImpl - Error occurred while adding student details: PreparedStatementCallback; SQL [INSERT INTO Student VALUES (?, ?, ?, ?, ?, ?, ?, ?, ?, ?,?)]; Duplicate entry '981' for key 'Register_No'
2024-03-05 16:35:53,262 [main] ERROR c.S.S.Repository.StudentDAOImpl - Error occurred while adding student details: PreparedStatementCallback; SQL [INSERT INTO Student VALUES (?, ?, ?, ?, ?, ?, ?, ?, ?, ?,?)]; Duplicate entry '675' for key 'Register_No'
2024-03-05 16:50:55,003 [main] ERROR c.S.S.Repository.StudentDAOImpl - Error occurred while adding student details: PreparedStatementCallback; SQL [INSERT INTO Student VALUES (?, ?, ?, ?, ?, ?, ?, ?, ?, ?,?)]; Duplicate entry '675' for key 'Register_No'
2024-03-05 17:39:04,949 [main] ERROR c.S.S.Repository.StudentDAOImpl - Error occurred while adding student details: PreparedStatementCallback; SQL [INSERT INTO Student VALUES (?, ?, ?, ?, ?, ?, ?, ?, ?, ?,?)]; Duplicate entry '679' for key 'Register_No'
2024-03-05 17:40:28,960 [main] ERROR c.S.S.Repository.StudentDAOImpl - Error occurred while adding student details: PreparedStatementCallback; SQL [INSERT INTO Student VALUES (?, ?, ?, ?, ?, ?, ?, ?, ?, ?,?)]; Duplicate entry '679' for key 'Register_No'
2024-03-05 17:41:18,323 [main] ERROR c.S.S.Repository.StudentDAOImpl - Error occurred while adding student details: PreparedStatementCallback; SQL [INSERT INTO Student VALUES (?, ?, ?, ?, ?, ?, ?, ?, ?, ?,?)]; Duplicate entry '679' for key 'Register_No'
2024-03-05 17:43:54,675 [main] ERROR c.S.S.Repository.StudentDAOImpl - Error occurred while adding student details: PreparedStatementCallback; SQL [INSERT INTO Student VALUES (?, ?, ?, ?, ?, ?, ?, ?, ?, ?,?)]; Duplicate entry '679' for key 'Register_No'
2024-03-05 17:44:26,948 [main] ERROR c.S.S.Repository.StudentDAOImpl - Error occurred while adding student details: PreparedStatementCallback; SQL [INSERT INTO Student VALUES (?, ?, ?, ?, ?, ?, ?, ?, ?, ?,?)]; Duplicate entry '679' for key 'Register_No'
2024-03-05 17:50:12,613 [main] ERROR c.S.S.Repository.StudentDAOImpl - Error occurred while adding student details: PreparedStatementCallback; SQL [INSERT INTO Student VALUES (?, ?, ?, ?, ?, ?, ?, ?, ?, ?,?)]; Duplicate entry '679' for key 'Register_No'
2024-03-05 17:50:53,499 [main] ERROR c.S.S.Repository.StudentDAOImpl - Error occurred while adding student details: PreparedStatementCallback; SQL [INSERT INTO Student VALUES (?, ?, ?, ?, ?, ?, ?, ?, ?, ?,?)]; Duplicate entry '679' for key 'Register_No'
2024-03-05 18:06:16,842 [http-nio-8080-exec-3] ERROR c.S.S.Repository.StudentDAOImpl - Error occurred while adding student details: PreparedStatementCallback; SQL [INSERT INTO Student VALUES (?, ?, ?, ?, ?, ?, ?, ?, ?, ?,?)]; Duplicate entry '91' for key 'Register_No'
2024-03-06 14:51:07,733 [main] ERROR c.S.S.Repository.StudentDAOImpl - Error occurred while adding student details: PreparedStatementCallback; SQL [INSERT INTO Student VALUES (?, ?, ?, ?, ?, ?, ?, ?, ?, ?,?)]; Duplicate entry '679' for key 'Register_No'
2024-03-06 18:26:38,526 [http-nio-8080-exec-2] INFO  c.S.S.Repository.StudentDAOImpl - Student not found with ID: 0
2024-03-13 12:41:32,709 [http-nio-8080-exec-1] ERROR c.S.S.Repository.StudentDAOImpl - Error occurred while adding student details: Failed to obtain JDBC Connection
2024-03-13 12:42:35,579 [http-nio-8080-exec-4] ERROR c.S.S.Repository.StudentDAOImpl - Error occurred while adding student details: Failed to obtain JDBC Connection
2024-03-13 12:42:53,433 [http-nio-8080-exec-1] ERROR c.S.S.Repository.StudentDAOImpl - Error occurred while adding student details: Failed to obtain JDBC Connection
2024-03-13 12:43:42,152 [http-nio-8080-exec-1] ERROR c.S.S.Repository.StudentDAOImpl - Error occurred while adding student details: PreparedStatementCallback; SQL [INSERT INTO Student VALUES (?, ?, ?, ?, ?, ?, ?, ?, ?, ?,?)]; Parameter index out of range (12 > number of parameters, which is 11).
2024-03-13 12:44:01,169 [http-nio-8080-exec-3] ERROR c.S.S.Repository.StudentDAOImpl - Error occurred while adding student details: PreparedStatementCallback; SQL [INSERT INTO Student VALUES (?, ?, ?, ?, ?, ?, ?, ?, ?, ?,?)]; Parameter index out of range (12 > number of parameters, which is 11).
2024-03-13 17:45:02,615 [http-nio-8080-exec-8] ERROR c.S.S.Repository.StudentDAOImpl - Error occurred while adding student details: PreparedStatementCallback; SQL [INSERT INTO Student VALUES (?, ?, ?, ?, ?, ?, ?, ?, ?, ?,?,?,?)]; Duplicate entry '91' for key 'Register_No'
2024-03-13 18:36:08,951 [http-nio-8080-exec-2] ERROR c.S.S.Repository.StudentDAOImpl - Error occurred while adding student details: PreparedStatementCallback; SQL [INSERT INTO Student VALUES (?, ?, ?, ?, ?, ?, ?, ?, ?, ?,?,?,?)]; Data truncation: Data too long for column 'password' at row 1
2024-03-13 18:59:47,448 [http-nio-8080-exec-5] ERROR c.S.S.Repository.StudentDAOImpl - Error occurred while adding student details: PreparedStatementCallback; SQL [INSERT INTO Student VALUES (?, ?, ?, ?, ?, ?, ?, ?, ?, ?,?,?,?)]; Duplicate entry '92' for key 'Register_No'
2024-03-14 11:46:21,122 [http-nio-8080-exec-3] INFO  c.S.S.Repository.StudentDAOImpl - Student not found with ID: 20
2024-03-18 13:56:44,370 [http-nio-8080-exec-1] ERROR c.S.S.R.customerDetailsRepo - Error occurred while adding student details: PreparedStatementCallback; SQL [INSERT INTO customerDetails VALUES (?,?,?,?,?,?)]; Parameter index out of range (7 > number of parameters, which is 6).
2024-03-18 13:58:02,282 [http-nio-8080-exec-4] ERROR c.S.S.R.customerDetailsRepo - Error occurred while adding student details: PreparedStatementCallback; SQL [INSERT INTO customerDetails VALUES (?,?,?,?,?,?)]; Parameter index out of range (7 > number of parameters, which is 6).
2024-03-18 14:50:44,482 [http-nio-8080-exec-2] ERROR c.S.S.R.customerDetailsRepo - Error occurred while adding student details: PreparedStatementCallback; SQL [INSERT INTO customerDetails VALUES (?,?,?,?,?,?,?)]; Data truncation: Data too long for column 'password' at row 1
2024-03-18 15:04:08,852 [http-nio-8080-exec-10] ERROR c.S.S.R.customerDetailsRepo - Error occurred while adding student details: PreparedStatementCallback; SQL [INSERT INTO customerDetails VALUES (?,?,?,?,?,?,?)]; Duplicate entry '1' for key 'PRIMARY'
2024-03-18 15:10:49,290 [http-nio-8080-exec-5] ERROR c.S.S.R.customerDetailsRepo - Error occurred while adding student details: PreparedStatementCallback; SQL [INSERT INTO customerDetails VALUES (?,?,?,?,?,?,?)]; Duplicate entry 'Madhumitha' for key 'UC_customername'
2024-03-18 15:29:45,693 [http-nio-8080-exec-6] ERROR c.S.S.R.customerDetailsRepo - Error occurred while adding student details: PreparedStatementCallback; bad SQL grammar [INSERT INTO customerDetails VALUES (?,?,?,?,?,?,?)]
2024-03-18 15:32:18,765 [http-nio-8080-exec-1] ERROR c.S.S.R.customerDetailsRepo - Error occurred while adding student details: PreparedStatementCallback; SQL [INSERT INTO customerDetails VALUES (?,?,?,?,?,?,?,?)]; Duplicate entry 'Madhumitha' for key 'UC_customername'
2024-03-18 16:07:27,046 [http-nio-8080-exec-2] ERROR c.S.S.R.customerDetailsRepo - Error occurred while adding student details: PreparedStatementCallback; SQL [INSERT INTO customerDetails VALUES (?,?,?,?,?,?,?,?)]; Duplicate entry '11' for key 'PRIMARY'
2024-03-18 16:33:28,129 [http-nio-8080-exec-1] ERROR c.S.S.R.customerDetailsRepo - Error occurred while performing customer login: PreparedStatementCallback; SQL [SELECT customerid FROM customerDetails WHERE customername = ? AND password = ?]; Can not issue executeUpdate() or executeLargeUpdate() with statements that produce result sets
