2024-03-04 11:23:27,739 [http-nio-8080-exec-2] INFO  c.S.S.S.StudentDetailsServiceImpl - Details Retrived Successfully
2024-03-04 11:52:42,698 [http-nio-8080-exec-1] INFO  c.S.S.S.StudentDetailsServiceImpl - Details Retrived Successfully
2024-03-04 11:53:09,868 [http-nio-8080-exec-3] INFO  c.S.S.S.StudentDetailsServiceImpl - Details Retrived Successfully
2024-03-04 11:54:04,360 [http-nio-8080-exec-2] ERROR c.S.S.S.StudentDetailsServiceImpl - Record not found
2024-03-04 12:55:45,393 [http-nio-8080-exec-10] INFO  c.S.S.S.StudentDetailsServiceImpl - Details Retrived Successfully
2024-03-04 13:56:16,568 [http-nio-8080-exec-7] INFO  c.S.S.S.StudentDetailsServiceImpl - Student Details deleted successfully
2024-03-04 14:04:20,134 [http-nio-8080-exec-6] INFO  c.S.S.S.StudentDetailsServiceImpl - Details Retrived Successfully
2024-03-04 14:08:04,771 [http-nio-8080-exec-2] INFO  c.S.S.S.StudentDetailsServiceImpl - Student inserted successfully
2024-03-04 17:55:17,568 [main] WARN  c.S.S.S.StudentDetailsServiceImpl - All fields are required{}
2024-03-04 17:56:30,808 [main] INFO  c.S.S.S.StudentDetailsServiceImpl - Received student details: StudentModel [studentId=0, name=Gugan, registerNo=675, gender=Male, age=23, phoneNumber=8098161001, currentStatus=Undergoing, emailId=Gugan@gmail.com, course=MCA, batch=null, fees=19000]
2024-03-04 17:56:30,839 [main] WARN  c.S.S.S.StudentDetailsServiceImpl - All fields are required
2024-03-04 17:58:57,382 [http-nio-8080-exec-1] ERROR c.S.S.S.StudentDetailsServiceImpl - Student Record is not inserted
2024-03-04 17:59:50,790 [http-nio-8080-exec-4] INFO  c.S.S.S.StudentDetailsServiceImpl - Student inserted successfully
2024-03-04 18:00:09,527 [main] INFO  c.S.S.S.StudentDetailsServiceImpl - Received student details: StudentModel [studentId=0, name=Gugan, registerNo=675, gender=Male, age=23, phoneNumber=8098161001, currentStatus=Undergoing, emailId=Gugan@gmail.com, course=MCA, batch=null, fees=19000]
2024-03-04 18:00:09,550 [main] WARN  c.S.S.S.StudentDetailsServiceImpl - All fields are required
2024-03-04 18:02:21,604 [main] INFO  c.S.S.S.StudentDetailsServiceImpl - Received student details: StudentModel [studentId=0, name=Gugan, registerNo=675, gender=Male, age=23, phoneNumber=8098161001, currentStatus=Undergoing, emailId=Gugan@gmail.com, course=MCA, batch=null, fees=19000]
2024-03-04 18:02:21,627 [main] WARN  c.S.S.S.StudentDetailsServiceImpl - All fields are required
2024-03-04 18:04:11,766 [http-nio-8080-exec-8] ERROR c.S.S.S.StudentDetailsServiceImpl - Student Record is not inserted
2024-03-04 18:04:42,107 [http-nio-8080-exec-10] INFO  c.S.S.S.StudentDetailsServiceImpl - Student inserted successfully
2024-03-04 18:05:23,622 [main] INFO  c.S.S.S.StudentDetailsServiceImpl - Received student details: StudentModel [studentId=0, name=Gugan, registerNo=675, gender=Male, age=23, phoneNumber=8098161001, currentStatus=Undergoing, emailId=Gugan@gmail.com, course=MCA, batch=null, fees=19000]
2024-03-04 18:05:23,645 [main] WARN  c.S.S.S.StudentDetailsServiceImpl - All fields are required
2024-03-04 18:07:20,227 [main] INFO  c.S.S.S.StudentDetailsServiceImpl - Received student details: StudentModel [studentId=0, name=Gugan, registerNo=675, gender=Male, age=23, phoneNumber=8098161001, currentStatus=Undergoing, emailId=Gugan@gmail.com, course=MCA, batch=null, fees=19000]
2024-03-04 18:07:20,256 [main] WARN  c.S.S.S.StudentDetailsServiceImpl - All fields are required
2024-03-04 18:09:25,821 [main] INFO  c.S.S.S.StudentDetailsServiceImpl - Received student details: StudentModel [studentId=0, name=Gugan, registerNo=675, gender=Male, age=23, phoneNumber=8098161001, currentStatus=Undergoing, emailId=Gugan@gmail.com, course=MCA, batch=null, fees=19000]
2024-03-04 18:09:25,841 [main] WARN  c.S.S.S.StudentDetailsServiceImpl - All fields are required
2024-03-04 18:10:01,093 [main] INFO  c.S.S.S.StudentDetailsServiceImpl - Received student details: StudentModel [studentId=0, name=Gugan, registerNo=675, gender=Male, age=23, phoneNumber=8098161001, currentStatus=Undergoing, emailId=Gugan@gmail.com, course=MCA, batch=null, fees=19000]
2024-03-04 18:10:01,119 [main] WARN  c.S.S.S.StudentDetailsServiceImpl - All fields are required
2024-03-04 18:11:02,607 [main] INFO  c.S.S.S.StudentDetailsServiceImpl - Received student details: StudentModel [studentId=0, name=null, registerNo=null, gender=null, age=0, phoneNumber=null, currentStatus=null, emailId=null, course=null, batch=null, fees=0]
2024-03-04 18:11:02,628 [main] WARN  c.S.S.S.StudentDetailsServiceImpl - All fields are required
2024-03-04 18:14:35,883 [main] INFO  c.S.S.S.StudentDetailsServiceImpl - Received student details: StudentModel [studentId=0, name=Gugan, registerNo=675, gender=Male, age=23, phoneNumber=8098161001, currentStatus=Undergoing, emailId=Gugan@gmail.com, course=MCA, batch=set89, fees=19000]
2024-03-04 18:14:35,910 [main] INFO  c.S.S.S.StudentDetailsServiceImpl - Student inserted successfully
2024-03-04 18:39:31,598 [main] INFO  c.S.S.S.StudentDetailsServiceImpl - Received student details: StudentModel [studentId=0, name=Gugan, registerNo=675, gender=Male, age=23, phoneNumber=8098161001, currentStatus=Undergoing, emailId=Gugan@gmail.com, course=MCA, batch=set89, fees=19000]
2024-03-04 18:39:31,637 [main] INFO  c.S.S.S.StudentDetailsServiceImpl - Student inserted successfully
2024-03-04 18:41:34,329 [main] INFO  c.S.S.S.StudentDetailsServiceImpl - Received student details: StudentModel [studentId=0, name=Gugan, registerNo=675, gender=Male, age=23, phoneNumber=8098161001, currentStatus=Undergoing, emailId=Gugan@gmail.com, course=MCA, batch=set89, fees=19000]
2024-03-04 18:41:34,364 [main] INFO  c.S.S.S.StudentDetailsServiceImpl - Student inserted successfully
2024-03-04 18:42:17,362 [main] INFO  c.S.S.S.StudentDetailsServiceImpl - Received student details: StudentModel [studentId=0, name=Gugan, registerNo=675, gender=Male, age=23, phoneNumber=8098161001, currentStatus=Undergoing, emailId=Gugan@gmail.com, course=MCA, batch=set89, fees=19000]
2024-03-04 18:42:17,401 [main] INFO  c.S.S.S.StudentDetailsServiceImpl - Student inserted successfully
2024-03-04 18:42:17,489 [main] INFO  c.S.S.S.StudentDetailsServiceImpl - Student Details deleted successfully
2024-03-04 18:46:46,160 [main] INFO  c.S.S.S.StudentDetailsServiceImpl - Received student details: StudentModel [studentId=0, name=Gugan, registerNo=675, gender=Male, age=23, phoneNumber=8098161001, currentStatus=Undergoing, emailId=Gugan@gmail.com, course=MCA, batch=set89, fees=19000]
2024-03-04 18:46:46,197 [main] INFO  c.S.S.S.StudentDetailsServiceImpl - Student inserted successfully
2024-03-04 18:46:46,289 [main] INFO  c.S.S.S.StudentDetailsServiceImpl - Student Updates successfully
2024-03-04 18:46:46,300 [main] INFO  c.S.S.S.StudentDetailsServiceImpl - Student Details deleted successfully
2024-03-04 19:01:06,154 [main] INFO  c.S.S.S.StudentDetailsServiceImpl - Received student details: StudentModel [studentId=0, name=Gugan, registerNo=675, gender=Male, age=23, phoneNumber=8098161001, currentStatus=Undergoing, emailId=Gugan@gmail.com, course=MCA, batch=set89, fees=19000]
2024-03-04 19:01:06,197 [main] INFO  c.S.S.S.StudentDetailsServiceImpl - Student inserted successfully
2024-03-04 19:01:06,275 [main] INFO  c.S.S.S.StudentDetailsServiceImpl - Student Updates successfully
2024-03-04 19:01:06,283 [main] ERROR c.S.S.S.StudentDetailsServiceImpl - Record not found
2024-03-04 19:01:06,305 [main] INFO  c.S.S.S.StudentDetailsServiceImpl - Student Details deleted successfully
2024-03-04 19:04:03,797 [main] INFO  c.S.S.S.StudentDetailsServiceImpl - Received student details: StudentModel [studentId=0, name=Gugan, registerNo=675, gender=Male, age=23, phoneNumber=8098161001, currentStatus=Undergoing, emailId=Gugan@gmail.com, course=MCA, batch=set89, fees=19000]
2024-03-04 19:04:03,835 [main] INFO  c.S.S.S.StudentDetailsServiceImpl - Student inserted successfully
2024-03-04 19:04:03,922 [main] INFO  c.S.S.S.StudentDetailsServiceImpl - Student Updates successfully
2024-03-04 19:04:03,931 [main] ERROR c.S.S.S.StudentDetailsServiceImpl - Record not found
2024-03-04 19:04:03,956 [main] INFO  c.S.S.S.StudentDetailsServiceImpl - Student Details deleted successfully
2024-03-04 19:05:01,346 [main] INFO  c.S.S.S.StudentDetailsServiceImpl - Received student details: StudentModel [studentId=0, name=Gugan, registerNo=675, gender=Male, age=23, phoneNumber=8098161001, currentStatus=Undergoing, emailId=Gugan@gmail.com, course=MCA, batch=set89, fees=19000]
2024-03-04 19:05:01,387 [main] INFO  c.S.S.S.StudentDetailsServiceImpl - Student inserted successfully
2024-03-04 19:05:01,466 [main] INFO  c.S.S.S.StudentDetailsServiceImpl - Student Updates successfully
2024-03-04 19:05:01,473 [main] ERROR c.S.S.S.StudentDetailsServiceImpl - Record not found
2024-03-04 19:05:01,487 [main] INFO  c.S.S.S.StudentDetailsServiceImpl - Student Details deleted successfully
2024-03-04 19:05:34,142 [http-nio-8080-exec-1] INFO  c.S.S.S.StudentDetailsServiceImpl - Details Retrived Successfully
2024-03-04 19:07:34,418 [main] INFO  c.S.S.S.StudentDetailsServiceImpl - Received student details: StudentModel [studentId=0, name=Gugan, registerNo=675, gender=Male, age=23, phoneNumber=8098161001, currentStatus=Undergoing, emailId=Gugan@gmail.com, course=MCA, batch=set89, fees=19000]
2024-03-04 19:07:34,452 [main] INFO  c.S.S.S.StudentDetailsServiceImpl - Student inserted successfully
2024-03-04 19:07:34,515 [main] INFO  c.S.S.S.StudentDetailsServiceImpl - Student Updates successfully
2024-03-04 19:07:34,524 [main] ERROR c.S.S.S.StudentDetailsServiceImpl - Record not found
2024-03-04 19:07:34,549 [main] INFO  c.S.S.S.StudentDetailsServiceImpl - Student Details deleted successfully
2024-03-04 19:08:19,040 [main] INFO  c.S.S.S.StudentDetailsServiceImpl - Received student details: StudentModel [studentId=0, name=Gugan, registerNo=675, gender=Male, age=23, phoneNumber=8098161001, currentStatus=Undergoing, emailId=Gugan@gmail.com, course=MCA, batch=set89, fees=19000]
2024-03-04 19:08:19,079 [main] INFO  c.S.S.S.StudentDetailsServiceImpl - Student inserted successfully
2024-03-04 19:08:19,162 [main] INFO  c.S.S.S.StudentDetailsServiceImpl - Student Updates successfully
2024-03-04 19:08:19,172 [main] ERROR c.S.S.S.StudentDetailsServiceImpl - Record not found
2024-03-04 19:08:19,187 [main] INFO  c.S.S.S.StudentDetailsServiceImpl - Student Details deleted successfully
2024-03-04 19:17:52,438 [http-nio-8080-exec-5] INFO  c.S.S.S.StudentDetailsServiceImpl - Details Retrived Successfully
2024-03-04 19:20:42,726 [main] INFO  c.S.S.S.StudentDetailsServiceImpl - Received student details: StudentModel [studentId=0, name=Gugan, registerNo=675, gender=Male, age=23, phoneNumber=8098161001, currentStatus=Undergoing, emailId=Gugan@gmail.com, course=MCA, batch=set89, fees=19000]
2024-03-04 19:20:42,768 [main] INFO  c.S.S.S.StudentDetailsServiceImpl - Student inserted successfully
2024-03-04 19:20:42,873 [main] INFO  c.S.S.S.StudentDetailsServiceImpl - Student Updates successfully
2024-03-04 19:20:42,884 [main] INFO  c.S.S.S.StudentDetailsServiceImpl - Details Retrived Successfully
2024-03-04 19:20:42,893 [main] INFO  c.S.S.S.StudentDetailsServiceImpl - Student Details deleted successfully
2024-03-04 19:22:22,761 [main] INFO  c.S.S.S.StudentDetailsServiceImpl - Received student details: StudentModel [studentId=0, name=Gugan, registerNo=675, gender=Male, age=23, phoneNumber=8098161001, currentStatus=Undergoing, emailId=Gugan@gmail.com, course=MCA, batch=set89, fees=19000]
2024-03-04 19:22:22,801 [main] INFO  c.S.S.S.StudentDetailsServiceImpl - Student inserted successfully
2024-03-04 19:22:22,887 [main] INFO  c.S.S.S.StudentDetailsServiceImpl - Student Updates successfully
2024-03-04 19:22:22,896 [main] INFO  c.S.S.S.StudentDetailsServiceImpl - Details Retrived Successfully
2024-03-04 19:22:22,910 [main] INFO  c.S.S.S.StudentDetailsServiceImpl - Student Details deleted successfully
2024-03-05 10:51:12,494 [main] INFO  c.S.S.S.StudentDetailsServiceImpl - Received student details: StudentModel [studentId=0, name=Gugan, registerNo=675, gender=Male, age=23, phoneNumber=8098161001, currentStatus=Undergoing, emailId=Gugan@gmail.com, course=MCA, batch=set89, fees=19000]
2024-03-05 10:51:12,518 [main] INFO  c.S.S.S.StudentDetailsServiceImpl - Student inserted successfully
2024-03-05 10:51:12,570 [main] INFO  c.S.S.S.StudentDetailsServiceImpl - Student Updates successfully
2024-03-05 10:51:12,575 [main] ERROR c.S.S.S.StudentDetailsServiceImpl - Record not found
2024-03-05 10:51:12,591 [main] INFO  c.S.S.S.StudentDetailsServiceImpl - Student Details deleted successfully
2024-03-05 10:53:18,031 [main] INFO  c.S.S.S.StudentDetailsServiceImpl - Received student details: StudentModel [studentId=0, name=Gugan, registerNo=675, gender=Male, age=23, phoneNumber=8098161001, currentStatus=Undergoing, emailId=Gugan@gmail.com, course=MCA, batch=set89, fees=19000]
2024-03-05 10:53:18,062 [main] INFO  c.S.S.S.StudentDetailsServiceImpl - Student inserted successfully
2024-03-05 10:53:18,132 [main] INFO  c.S.S.S.StudentDetailsServiceImpl - Student Updates successfully
2024-03-05 10:53:18,140 [main] ERROR c.S.S.S.StudentDetailsServiceImpl - Record not found
2024-03-05 10:53:18,152 [main] INFO  c.S.S.S.StudentDetailsServiceImpl - Student Details deleted successfully
2024-03-05 11:05:26,549 [main] INFO  c.S.S.S.StudentDetailsServiceImpl - Received student details: StudentModel [studentId=0, name=Gugan, registerNo=675, gender=Male, age=23, phoneNumber=8098161001, currentStatus=Undergoing, emailId=Gugan@gmail.com, course=MCA, batch=set89, fees=19000]
2024-03-05 11:05:26,572 [main] INFO  c.S.S.S.StudentDetailsServiceImpl - Student inserted successfully
2024-03-05 11:05:26,620 [main] INFO  c.S.S.S.StudentDetailsServiceImpl - Student Updates successfully
2024-03-05 11:05:26,626 [main] INFO  c.S.S.S.StudentDetailsServiceImpl - Details Retrived Successfully
2024-03-05 11:05:26,639 [main] INFO  c.S.S.S.StudentDetailsServiceImpl - Student Details deleted successfully
2024-03-05 11:05:54,643 [main] INFO  c.S.S.S.StudentDetailsServiceImpl - Received student details: StudentModel [studentId=0, name=Gugan, registerNo=675, gender=Male, age=23, phoneNumber=8098161001, currentStatus=Undergoing, emailId=Gugan@gmail.com, course=MCA, batch=set89, fees=19000]
2024-03-05 11:05:54,673 [main] INFO  c.S.S.S.StudentDetailsServiceImpl - Student inserted successfully
2024-03-05 11:05:54,719 [main] INFO  c.S.S.S.StudentDetailsServiceImpl - Student Updates successfully
2024-03-05 11:05:54,725 [main] ERROR c.S.S.S.StudentDetailsServiceImpl - Record not found
2024-03-05 11:05:54,738 [main] INFO  c.S.S.S.StudentDetailsServiceImpl - Student Details deleted successfully
2024-03-05 11:06:34,662 [main] INFO  c.S.S.S.StudentDetailsServiceImpl - Received student details: StudentModel [studentId=0, name=Gugan, registerNo=675, gender=Male, age=23, phoneNumber=8098161001, currentStatus=Undergoing, emailId=Gugan@gmail.com, course=MCA, batch=set89, fees=19000]
2024-03-05 11:06:34,684 [main] INFO  c.S.S.S.StudentDetailsServiceImpl - Student inserted successfully
2024-03-05 11:06:34,731 [main] INFO  c.S.S.S.StudentDetailsServiceImpl - Student Updates successfully
2024-03-05 11:06:34,737 [main] ERROR c.S.S.S.StudentDetailsServiceImpl - Record not found
2024-03-05 11:06:34,742 [main] INFO  c.S.S.S.StudentDetailsServiceImpl - Student Details deleted successfully
2024-03-05 11:11:06,477 [main] INFO  c.S.S.S.StudentDetailsServiceImpl - Received student details: StudentModel [studentId=0, name=Gugan, registerNo=675, gender=Male, age=23, phoneNumber=8098161001, currentStatus=Undergoing, emailId=Gugan@gmail.com, course=MCA, batch=set89, fees=19000]
2024-03-05 11:11:06,505 [main] INFO  c.S.S.S.StudentDetailsServiceImpl - Student inserted successfully
2024-03-05 11:11:06,569 [main] INFO  c.S.S.S.StudentDetailsServiceImpl - Student Updates successfully
2024-03-05 11:11:06,576 [main] ERROR c.S.S.S.StudentDetailsServiceImpl - Record not found
2024-03-05 11:11:06,586 [main] INFO  c.S.S.S.StudentDetailsServiceImpl - Student Details deleted successfully
2024-03-05 11:13:36,454 [main] INFO  c.S.S.S.StudentDetailsServiceImpl - Received student details: StudentModel [studentId=0, name=Gugan, registerNo=675, gender=Male, age=23, phoneNumber=8098161001, currentStatus=Undergoing, emailId=Gugan@gmail.com, course=MCA, batch=set89, fees=19000]
2024-03-05 11:13:36,484 [main] INFO  c.S.S.S.StudentDetailsServiceImpl - Student inserted successfully
2024-03-05 11:13:36,549 [main] INFO  c.S.S.S.StudentDetailsServiceImpl - Student Updates successfully
2024-03-05 11:13:36,557 [main] ERROR c.S.S.S.StudentDetailsServiceImpl - Record not found
2024-03-05 11:13:36,580 [main] INFO  c.S.S.S.StudentDetailsServiceImpl - Student Details deleted successfully
2024-03-05 11:14:17,624 [main] INFO  c.S.S.S.StudentDetailsServiceImpl - Received student details: StudentModel [studentId=0, name=Gugan, registerNo=675, gender=Male, age=23, phoneNumber=8098161001, currentStatus=Undergoing, emailId=Gugan@gmail.com, course=MCA, batch=set89, fees=19000]
2024-03-05 11:14:17,664 [main] INFO  c.S.S.S.StudentDetailsServiceImpl - Student inserted successfully
2024-03-05 11:14:17,733 [main] INFO  c.S.S.S.StudentDetailsServiceImpl - Student Updates successfully
2024-03-05 11:14:17,740 [main] INFO  c.S.S.S.StudentDetailsServiceImpl - Details Retrived Successfully
2024-03-05 11:14:17,746 [main] INFO  c.S.S.S.StudentDetailsServiceImpl - Student Details deleted successfully
2024-03-05 11:14:39,878 [main] INFO  c.S.S.S.StudentDetailsServiceImpl - Received student details: StudentModel [studentId=0, name=Gugan, registerNo=675, gender=Male, age=23, phoneNumber=8098161001, currentStatus=Undergoing, emailId=Gugan@gmail.com, course=MCA, batch=set89, fees=19000]
2024-03-05 11:14:39,906 [main] INFO  c.S.S.S.StudentDetailsServiceImpl - Student inserted successfully
2024-03-05 11:14:39,958 [main] INFO  c.S.S.S.StudentDetailsServiceImpl - Student Updates successfully
2024-03-05 11:14:39,964 [main] INFO  c.S.S.S.StudentDetailsServiceImpl - Details Retrived Successfully
2024-03-05 11:14:39,970 [main] INFO  c.S.S.S.StudentDetailsServiceImpl - Student Details deleted successfully
2024-03-05 11:28:00,492 [main] INFO  c.S.S.S.StudentDetailsServiceImpl - Received student details: StudentModel [studentId=0, name=Gugan, registerNo=675, gender=Male, age=23, phoneNumber=8098161001, currentStatus=Undergoing, emailId=Gugan@gmail.com, course=MCA, batch=set89, fees=19000]
2024-03-05 11:28:00,524 [main] INFO  c.S.S.S.StudentDetailsServiceImpl - Student inserted successfully
2024-03-05 11:28:00,593 [main] INFO  c.S.S.S.StudentDetailsServiceImpl - Student Updates successfully
2024-03-05 11:28:00,604 [main] INFO  c.S.S.S.StudentDetailsServiceImpl - Details retrieved successfully
2024-03-05 11:28:00,619 [main] INFO  c.S.S.S.StudentDetailsServiceImpl - Details Retrived Successfully
2024-03-05 11:28:00,625 [main] INFO  c.S.S.S.StudentDetailsServiceImpl - Student Details deleted successfully
2024-03-05 11:29:05,556 [main] INFO  c.S.S.S.StudentDetailsServiceImpl - Received student details: StudentModel [studentId=0, name=Gugan, registerNo=675, gender=Male, age=23, phoneNumber=8098161001, currentStatus=Undergoing, emailId=Gugan@gmail.com, course=MCA, batch=set89, fees=19000]
2024-03-05 11:29:05,597 [main] INFO  c.S.S.S.StudentDetailsServiceImpl - Student inserted successfully
2024-03-05 11:29:05,673 [main] INFO  c.S.S.S.StudentDetailsServiceImpl - Student Updates successfully
2024-03-05 11:29:05,682 [main] INFO  c.S.S.S.StudentDetailsServiceImpl - Details retrieved successfully
2024-03-05 11:29:05,689 [main] INFO  c.S.S.S.StudentDetailsServiceImpl - Details Retrived Successfully
2024-03-05 11:29:05,695 [main] INFO  c.S.S.S.StudentDetailsServiceImpl - Student Details deleted successfully
2024-03-05 12:03:12,354 [main] INFO  c.S.S.S.StudentDetailsServiceImpl - Received student details: StudentModel [studentId=0, name=Gugan, registerNo=675, gender=Male, age=23, phoneNumber=8098161001, currentStatus=Undergoing, emailId=Gugan@gmail.com, course=MCA, batch=set89, fees=19000]
2024-03-05 12:03:12,390 [main] INFO  c.S.S.S.StudentDetailsServiceImpl - Student inserted successfully
2024-03-05 12:06:11,308 [main] INFO  c.S.S.S.StudentDetailsServiceImpl - Details retrieved successfully
2024-03-05 12:07:38,295 [main] INFO  c.S.S.S.StudentDetailsServiceImpl - Received student details: StudentModel [studentId=0, name=Gugan, registerNo=675, gender=Male, age=23, phoneNumber=8098161001, currentStatus=Undergoing, emailId=Gugan@gmail.com, course=MCA, batch=set89, fees=19000]
2024-03-05 12:07:38,324 [main] ERROR c.S.S.S.StudentDetailsServiceImpl - Student record is not inserted
2024-03-05 12:07:38,390 [main] INFO  c.S.S.S.StudentDetailsServiceImpl - Student Updates successfully
2024-03-05 12:07:38,401 [main] INFO  c.S.S.S.StudentDetailsServiceImpl - Details retrieved successfully
2024-03-05 12:07:38,408 [main] INFO  c.S.S.S.StudentDetailsServiceImpl - Details Retrived Successfully
2024-03-05 12:07:38,414 [main] INFO  c.S.S.S.StudentDetailsServiceImpl - Student Details deleted successfully
2024-03-05 12:07:59,028 [main] INFO  c.S.S.S.StudentDetailsServiceImpl - Received student details: StudentModel [studentId=0, name=Gugan, registerNo=675, gender=Male, age=23, phoneNumber=8098161001, currentStatus=Undergoing, emailId=Gugan@gmail.com, course=MCA, batch=set89, fees=19000]
2024-03-05 12:07:59,057 [main] INFO  c.S.S.S.StudentDetailsServiceImpl - Student inserted successfully
2024-03-05 12:07:59,116 [main] INFO  c.S.S.S.StudentDetailsServiceImpl - Student Updates successfully
2024-03-05 12:07:59,125 [main] INFO  c.S.S.S.StudentDetailsServiceImpl - Details retrieved successfully
2024-03-05 12:07:59,132 [main] INFO  c.S.S.S.StudentDetailsServiceImpl - Details Retrived Successfully
2024-03-05 12:07:59,138 [main] ERROR c.S.S.S.StudentDetailsServiceImpl - StudentDetails is not deleted
2024-03-05 12:08:15,138 [main] INFO  c.S.S.S.StudentDetailsServiceImpl - Received student details: StudentModel [studentId=0, name=Gugan, registerNo=675, gender=Male, age=23, phoneNumber=8098161001, currentStatus=Undergoing, emailId=Gugan@gmail.com, course=MCA, batch=set89, fees=19000]
2024-03-05 12:08:15,168 [main] INFO  c.S.S.S.StudentDetailsServiceImpl - Student inserted successfully
2024-03-05 12:08:15,228 [main] ERROR c.S.S.S.StudentDetailsServiceImpl - Student Record is not Updated
2024-03-05 12:08:15,251 [main] INFO  c.S.S.S.StudentDetailsServiceImpl - Details retrieved successfully
2024-03-05 12:08:15,257 [main] INFO  c.S.S.S.StudentDetailsServiceImpl - Details Retrived Successfully
2024-03-05 12:08:15,262 [main] INFO  c.S.S.S.StudentDetailsServiceImpl - Student Details deleted successfully
2024-03-05 12:08:43,113 [main] INFO  c.S.S.S.StudentDetailsServiceImpl - Received student details: StudentModel [studentId=0, name=Gugan, registerNo=675, gender=Male, age=23, phoneNumber=8098161001, currentStatus=Undergoing, emailId=Gugan@gmail.com, course=MCA, batch=set89, fees=19000]
2024-03-05 12:08:43,144 [main] INFO  c.S.S.S.StudentDetailsServiceImpl - Student inserted successfully
2024-03-05 12:08:43,205 [main] INFO  c.S.S.S.StudentDetailsServiceImpl - Student Updates successfully
2024-03-05 12:08:43,213 [main] INFO  c.S.S.S.StudentDetailsServiceImpl - Details retrieved successfully
2024-03-05 12:08:43,234 [main] INFO  c.S.S.S.StudentDetailsServiceImpl - Student Details deleted successfully
2024-03-05 12:08:57,887 [main] INFO  c.S.S.S.StudentDetailsServiceImpl - Received student details: StudentModel [studentId=0, name=Gugan, registerNo=675, gender=Male, age=23, phoneNumber=8098161001, currentStatus=Undergoing, emailId=Gugan@gmail.com, course=MCA, batch=set89, fees=19000]
2024-03-05 12:08:57,915 [main] INFO  c.S.S.S.StudentDetailsServiceImpl - Student inserted successfully
2024-03-05 12:08:57,981 [main] INFO  c.S.S.S.StudentDetailsServiceImpl - Student Updates successfully
2024-03-05 12:08:57,993 [main] INFO  c.S.S.S.StudentDetailsServiceImpl - Details retrieved successfully
2024-03-05 12:08:58,001 [main] INFO  c.S.S.S.StudentDetailsServiceImpl - Details Retrived Successfully
2024-03-05 12:08:58,009 [main] INFO  c.S.S.S.StudentDetailsServiceImpl - Student Details deleted successfully
2024-03-05 12:09:15,825 [main] INFO  c.S.S.S.StudentDetailsServiceImpl - Received student details: StudentModel [studentId=0, name=Gugan, registerNo=675, gender=Male, age=23, phoneNumber=8098161001, currentStatus=Undergoing, emailId=Gugan@gmail.com, course=MCA, batch=set89, fees=19000]
2024-03-05 12:09:15,859 [main] INFO  c.S.S.S.StudentDetailsServiceImpl - Student inserted successfully
2024-03-05 12:09:15,933 [main] INFO  c.S.S.S.StudentDetailsServiceImpl - Student Updates successfully
2024-03-05 12:09:15,957 [main] INFO  c.S.S.S.StudentDetailsServiceImpl - Details Retrived Successfully
2024-03-05 12:09:15,964 [main] INFO  c.S.S.S.StudentDetailsServiceImpl - Student Details deleted successfully
2024-03-05 12:09:29,174 [main] INFO  c.S.S.S.StudentDetailsServiceImpl - Received student details: StudentModel [studentId=0, name=Gugan, registerNo=675, gender=Male, age=23, phoneNumber=8098161001, currentStatus=Undergoing, emailId=Gugan@gmail.com, course=MCA, batch=set89, fees=19000]
2024-03-05 12:09:29,204 [main] INFO  c.S.S.S.StudentDetailsServiceImpl - Student inserted successfully
2024-03-05 12:09:29,265 [main] INFO  c.S.S.S.StudentDetailsServiceImpl - Student Updates successfully
2024-03-05 12:09:29,274 [main] INFO  c.S.S.S.StudentDetailsServiceImpl - Details retrieved successfully
2024-03-05 12:09:29,281 [main] INFO  c.S.S.S.StudentDetailsServiceImpl - Details Retrived Successfully
2024-03-05 12:09:29,288 [main] INFO  c.S.S.S.StudentDetailsServiceImpl - Student Details deleted successfully
2024-03-05 15:30:54,262 [main] INFO  c.S.S.S.StudentDetailsServiceImpl - Received student details: StudentModel [studentId=0, name=Gugan, registerNo=675, gender=Male, age=23, phoneNumber=8098161001, currentStatus=Undergoing, emailId=Gugan@gmail.com, course=MCA, batch=set89, fees=19000]
2024-03-05 15:30:54,290 [main] INFO  c.S.S.S.StudentDetailsServiceImpl - Student inserted successfully
2024-03-05 15:30:54,349 [main] INFO  c.S.S.S.StudentDetailsServiceImpl - Student Updates successfully
2024-03-05 15:30:54,358 [main] INFO  c.S.S.S.StudentDetailsServiceImpl - Details retrieved successfully
2024-03-05 15:30:54,366 [main] INFO  c.S.S.S.StudentDetailsServiceImpl - Details Retrived Successfully
2024-03-05 15:30:54,373 [main] INFO  c.S.S.S.StudentDetailsServiceImpl - Student Details deleted successfully
2024-03-05 16:19:44,065 [main] INFO  c.S.S.Service.StudentServiceTest - Starting StudentServiceTest using Java 17.0.10 with PID 20367 (started by madhumitha in /home/madhumitha/JavaSpringBootProject/StudentDetails)
2024-03-05 16:19:44,066 [main] INFO  c.S.S.Service.StudentServiceTest - No active profile set, falling back to 1 default profile: "default"
2024-03-05 16:19:45,584 [main] INFO  c.S.S.Service.StudentServiceTest - Started StudentServiceTest in 1.719 seconds (process running for 2.729)
2024-03-05 16:26:31,550 [main] INFO  c.S.S.Service.StudentServiceTest - Starting StudentServiceTest using Java 17.0.10 with PID 20721 (started by madhumitha in /home/madhumitha/JavaSpringBootProject/StudentDetails)
2024-03-05 16:26:31,550 [main] INFO  c.S.S.Service.StudentServiceTest - No active profile set, falling back to 1 default profile: "default"
2024-03-05 16:26:33,190 [main] INFO  c.S.S.Service.StudentServiceTest - Started StudentServiceTest in 1.855 seconds (process running for 2.951)
2024-03-05 16:31:55,284 [main] INFO  c.S.S.Service.StudentServiceTest - Starting StudentServiceTest using Java 17.0.10 with PID 21743 (started by madhumitha in /home/madhumitha/JavaSpringBootProject/StudentDetails)
2024-03-05 16:31:55,285 [main] INFO  c.S.S.Service.StudentServiceTest - No active profile set, falling back to 1 default profile: "default"
2024-03-05 16:31:56,749 [main] INFO  c.S.S.Service.StudentServiceTest - Started StudentServiceTest in 1.684 seconds (process running for 2.646)
2024-03-05 16:32:41,564 [http-nio-8080-exec-1] INFO  c.S.S.S.StudentDetailsServiceImpl - Received student details: StudentModel [studentId=0, name=Rithika, registerNo=981, gender=Female, age=19, phoneNumber=8796756778, currentStatus=Completed, emailId=Rithika@gmail.com, course=Bsc, batch=set14, fees=23000]
2024-03-05 16:32:41,771 [http-nio-8080-exec-1] ERROR c.S.S.S.StudentDetailsServiceImpl - Student record is not inserted
2024-03-05 16:32:55,591 [main] INFO  c.S.S.Service.StudentServiceTest - Starting StudentServiceTest using Java 17.0.10 with PID 21914 (started by madhumitha in /home/madhumitha/JavaSpringBootProject/StudentDetails)
2024-03-05 16:32:55,592 [main] INFO  c.S.S.Service.StudentServiceTest - No active profile set, falling back to 1 default profile: "default"
2024-03-05 16:32:57,197 [main] INFO  c.S.S.Service.StudentServiceTest - Started StudentServiceTest in 1.82 seconds (process running for 2.812)
2024-03-05 16:34:23,442 [main] INFO  c.S.S.Service.StudentServiceTest - Starting StudentServiceTest using Java 17.0.10 with PID 22020 (started by madhumitha in /home/madhumitha/JavaSpringBootProject/StudentDetails)
2024-03-05 16:34:23,443 [main] INFO  c.S.S.Service.StudentServiceTest - No active profile set, falling back to 1 default profile: "default"
2024-03-05 16:34:25,087 [main] INFO  c.S.S.Service.StudentServiceTest - Started StudentServiceTest in 1.914 seconds (process running for 3.017)
2024-03-05 16:34:26,163 [main] INFO  c.S.S.S.StudentDetailsServiceImpl - Received student details: StudentModel [studentId=0, name=Gugan, registerNo=675, gender=Male, age=23, phoneNumber=8098161001, currentStatus=Undergoing, emailId=Gugan@gmail.com, course=MCA, batch=set89, fees=19000]
2024-03-05 16:34:26,372 [main] INFO  c.S.S.S.StudentDetailsServiceImpl - Student inserted successfully
2024-03-05 16:35:50,349 [main] INFO  c.S.S.Service.StudentServiceTest - Starting StudentServiceTest using Java 17.0.10 with PID 22347 (started by madhumitha in /home/madhumitha/JavaSpringBootProject/StudentDetails)
2024-03-05 16:35:50,350 [main] INFO  c.S.S.Service.StudentServiceTest - No active profile set, falling back to 1 default profile: "default"
2024-03-05 16:35:51,883 [main] INFO  c.S.S.Service.StudentServiceTest - Started StudentServiceTest in 1.724 seconds (process running for 2.675)
2024-03-05 16:35:53,015 [main] INFO  c.S.S.S.StudentDetailsServiceImpl - Received student details: StudentModel [studentId=0, name=Gugan, registerNo=675, gender=Male, age=23, phoneNumber=8098161001, currentStatus=Undergoing, emailId=Gugan@gmail.com, course=MCA, batch=set89, fees=19000]
2024-03-05 16:35:53,262 [main] ERROR c.S.S.S.StudentDetailsServiceImpl - Student record is not inserted
2024-03-05 16:37:28,343 [http-nio-8080-exec-3] INFO  c.S.S.S.StudentDetailsServiceImpl - Received student details: StudentModel [studentId=0, name=Rithika, registerNo=91, gender=Female, age=19, phoneNumber=8796756778, currentStatus=Completed, emailId=Rithika@gmail.com, course=Bsc, batch=set14, fees=23000]
2024-03-05 16:37:28,346 [http-nio-8080-exec-3] INFO  c.S.S.S.StudentDetailsServiceImpl - Student inserted successfully
2024-03-05 16:50:52,131 [main] INFO  c.S.S.Service.StudentServiceTest - Starting StudentServiceTest using Java 17.0.10 with PID 23047 (started by madhumitha in /home/madhumitha/JavaSpringBootProject/StudentDetails)
2024-03-05 16:50:52,132 [main] INFO  c.S.S.Service.StudentServiceTest - No active profile set, falling back to 1 default profile: "default"
2024-03-05 16:50:53,773 [main] INFO  c.S.S.Service.StudentServiceTest - Started StudentServiceTest in 1.893 seconds (process running for 2.913)
2024-03-05 16:50:54,779 [main] INFO  c.S.S.S.StudentDetailsServiceImpl - Received student details: StudentModel [studentId=0, name=Gugan, registerNo=675, gender=Male, age=23, phoneNumber=8098161001, currentStatus=Undergoing, emailId=Gugan@gmail.com, course=MCA, batch=set89, fees=19000]
2024-03-05 16:50:55,004 [main] ERROR c.S.S.S.StudentDetailsServiceImpl - Student record is not inserted
2024-03-05 16:52:09,628 [main] INFO  c.S.S.Service.StudentServiceTest - Starting StudentServiceTest using Java 17.0.10 with PID 23168 (started by madhumitha in /home/madhumitha/JavaSpringBootProject/StudentDetails)
2024-03-05 16:52:09,628 [main] INFO  c.S.S.Service.StudentServiceTest - No active profile set, falling back to 1 default profile: "default"
2024-03-05 16:52:11,185 [main] INFO  c.S.S.Service.StudentServiceTest - Started StudentServiceTest in 1.767 seconds (process running for 2.789)
2024-03-05 16:52:12,268 [main] INFO  c.S.S.S.StudentDetailsServiceImpl - Received student details: StudentModel [studentId=0, name=Gugan, registerNo=679, gender=Male, age=23, phoneNumber=8098161001, currentStatus=Undergoing, emailId=Gugan@gmail.com, course=MCA, batch=set89, fees=19000]
2024-03-05 16:52:12,490 [main] INFO  c.S.S.S.StudentDetailsServiceImpl - Student inserted successfully
2024-03-05 17:01:50,964 [main] INFO  c.S.S.Service.StudentServiceTest - Starting StudentServiceTest using Java 17.0.10 with PID 23731 (started by madhumitha in /home/madhumitha/JavaSpringBootProject/StudentDetails)
2024-03-05 17:01:50,964 [main] INFO  c.S.S.Service.StudentServiceTest - No active profile set, falling back to 1 default profile: "default"
2024-03-05 17:01:52,481 [main] INFO  c.S.S.Service.StudentServiceTest - Started StudentServiceTest in 1.744 seconds (process running for 2.739)
2024-03-05 17:01:53,478 [main] INFO  c.S.S.S.StudentDetailsServiceImpl - Received student details: StudentModel [studentId=0, name=Gugan, registerNo=679, gender=Male, age=23, phoneNumber=8098161001, currentStatus=Undergoing, emailId=Gugan@gmail.com, course=MCA, batch=set89, fees=19000]
2024-03-05 17:01:53,681 [main] INFO  c.S.S.S.StudentDetailsServiceImpl - Student inserted successfully
2024-03-05 17:38:03,238 [main] INFO  c.S.S.Service.StudentServiceTest - Starting StudentServiceTest using Java 17.0.10 with PID 25002 (started by madhumitha in /home/madhumitha/JavaSpringBootProject/StudentDetails)
2024-03-05 17:38:03,238 [main] INFO  c.S.S.Service.StudentServiceTest - No active profile set, falling back to 1 default profile: "default"
2024-03-05 17:38:04,949 [main] INFO  c.S.S.Service.StudentServiceTest - Started StudentServiceTest in 1.917 seconds (process running for 3.009)
2024-03-05 17:38:05,975 [main] INFO  c.S.S.S.StudentDetailsServiceImpl - Received student details: StudentModel [studentId=0, name=Gugan, registerNo=679, gender=Male, age=23, phoneNumber=8098161001, currentStatus=Undergoing, emailId=Gugan@gmail.com, course=MCA, batch=set89, fees=19000]
2024-03-05 17:38:06,183 [main] INFO  c.S.S.S.StudentDetailsServiceImpl - Student inserted successfully
2024-03-05 17:39:01,979 [main] INFO  c.S.S.Service.StudentServiceTest - Starting StudentServiceTest using Java 17.0.10 with PID 25098 (started by madhumitha in /home/madhumitha/JavaSpringBootProject/StudentDetails)
2024-03-05 17:39:01,980 [main] INFO  c.S.S.Service.StudentServiceTest - No active profile set, falling back to 1 default profile: "default"
2024-03-05 17:39:03,539 [main] INFO  c.S.S.Service.StudentServiceTest - Started StudentServiceTest in 1.778 seconds (process running for 2.948)
2024-03-05 17:39:04,708 [main] INFO  c.S.S.S.StudentDetailsServiceImpl - Received student details: StudentModel [studentId=0, name=Gugan, registerNo=679, gender=Male, age=23, phoneNumber=8098161001, currentStatus=Undergoing, emailId=Gugan@gmail.com, course=MCA, batch=set89, fees=19000]
2024-03-05 17:39:04,949 [main] ERROR c.S.S.S.StudentDetailsServiceImpl - Student record is not inserted
2024-03-05 17:40:25,984 [main] INFO  c.S.S.Service.StudentServiceTest - Starting StudentServiceTest using Java 17.0.10 with PID 25229 (started by madhumitha in /home/madhumitha/JavaSpringBootProject/StudentDetails)
2024-03-05 17:40:25,985 [main] INFO  c.S.S.Service.StudentServiceTest - No active profile set, falling back to 1 default profile: "default"
2024-03-05 17:40:27,560 [main] INFO  c.S.S.Service.StudentServiceTest - Started StudentServiceTest in 1.799 seconds (process running for 2.809)
2024-03-05 17:40:28,669 [main] INFO  c.S.S.S.StudentDetailsServiceImpl - Received student details: StudentModel [studentId=0, name=Gugan, registerNo=679, gender=Male, age=23, phoneNumber=8098161001, currentStatus=Undergoing, emailId=Gugan@gmail.com, course=MCA, batch=set89, fees=19000]
2024-03-05 17:40:28,961 [main] ERROR c.S.S.S.StudentDetailsServiceImpl - Student record is not inserted
2024-03-05 17:40:29,030 [main] ERROR c.S.S.S.StudentDetailsServiceImpl - StudentDetails is not deleted
2024-03-05 17:41:15,352 [main] INFO  c.S.S.Service.StudentServiceTest - Starting StudentServiceTest using Java 17.0.10 with PID 25319 (started by madhumitha in /home/madhumitha/JavaSpringBootProject/StudentDetails)
2024-03-05 17:41:15,353 [main] INFO  c.S.S.Service.StudentServiceTest - No active profile set, falling back to 1 default profile: "default"
2024-03-05 17:41:16,993 [main] INFO  c.S.S.Service.StudentServiceTest - Started StudentServiceTest in 1.836 seconds (process running for 2.794)
2024-03-05 17:41:18,091 [main] INFO  c.S.S.S.StudentDetailsServiceImpl - Received student details: StudentModel [studentId=0, name=Gugan, registerNo=679, gender=Male, age=23, phoneNumber=8098161001, currentStatus=Undergoing, emailId=Gugan@gmail.com, course=MCA, batch=set89, fees=19000]
2024-03-05 17:41:18,324 [main] ERROR c.S.S.S.StudentDetailsServiceImpl - Student record is not inserted
2024-03-05 17:41:18,411 [main] INFO  c.S.S.S.StudentDetailsServiceImpl - Student Details deleted successfully
2024-03-05 17:43:14,949 [main] INFO  c.S.S.Service.StudentServiceTest - Starting StudentServiceTest using Java 17.0.10 with PID 25459 (started by madhumitha in /home/madhumitha/JavaSpringBootProject/StudentDetails)
2024-03-05 17:43:14,950 [main] INFO  c.S.S.Service.StudentServiceTest - No active profile set, falling back to 1 default profile: "default"
2024-03-05 17:43:16,545 [main] INFO  c.S.S.Service.StudentServiceTest - Started StudentServiceTest in 1.833 seconds (process running for 2.844)
2024-03-05 17:43:17,719 [main] INFO  c.S.S.S.StudentDetailsServiceImpl - Received student details: StudentModel [studentId=0, name=Gugan, registerNo=679, gender=Male, age=23, phoneNumber=8098161001, currentStatus=Undergoing, emailId=Gugan@gmail.com, course=MCA, batch=set89, fees=19000]
2024-03-05 17:43:17,921 [main] INFO  c.S.S.S.StudentDetailsServiceImpl - Student inserted successfully
2024-03-05 17:43:17,977 [main] ERROR c.S.S.S.StudentDetailsServiceImpl - StudentDetails is not deleted
2024-03-05 17:43:51,773 [main] INFO  c.S.S.Service.StudentServiceTest - Starting StudentServiceTest using Java 17.0.10 with PID 25551 (started by madhumitha in /home/madhumitha/JavaSpringBootProject/StudentDetails)
2024-03-05 17:43:51,775 [main] INFO  c.S.S.Service.StudentServiceTest - No active profile set, falling back to 1 default profile: "default"
2024-03-05 17:43:53,378 [main] INFO  c.S.S.Service.StudentServiceTest - Started StudentServiceTest in 1.818 seconds (process running for 2.804)
2024-03-05 17:43:54,453 [main] INFO  c.S.S.S.StudentDetailsServiceImpl - Received student details: StudentModel [studentId=0, name=Gugan, registerNo=679, gender=Male, age=23, phoneNumber=8098161001, currentStatus=Undergoing, emailId=Gugan@gmail.com, course=MCA, batch=set89, fees=19000]
2024-03-05 17:43:54,676 [main] ERROR c.S.S.S.StudentDetailsServiceImpl - Student record is not inserted
2024-03-05 17:43:54,737 [main] ERROR c.S.S.S.StudentDetailsServiceImpl - StudentDetails is not deleted
2024-03-05 17:44:23,947 [main] INFO  c.S.S.Service.StudentServiceTest - Starting StudentServiceTest using Java 17.0.10 with PID 25630 (started by madhumitha in /home/madhumitha/JavaSpringBootProject/StudentDetails)
2024-03-05 17:44:23,948 [main] INFO  c.S.S.Service.StudentServiceTest - No active profile set, falling back to 1 default profile: "default"
2024-03-05 17:44:25,558 [main] INFO  c.S.S.Service.StudentServiceTest - Started StudentServiceTest in 1.856 seconds (process running for 2.863)
2024-03-05 17:44:26,678 [main] INFO  c.S.S.S.StudentDetailsServiceImpl - Received student details: StudentModel [studentId=0, name=Gugan, registerNo=679, gender=Male, age=23, phoneNumber=8098161001, currentStatus=Undergoing, emailId=Gugan@gmail.com, course=MCA, batch=set89, fees=19000]
2024-03-05 17:44:26,949 [main] ERROR c.S.S.S.StudentDetailsServiceImpl - Student record is not inserted
2024-03-05 17:44:27,018 [main] INFO  c.S.S.S.StudentDetailsServiceImpl - Student Details deleted successfully
2024-03-05 17:47:53,666 [main] INFO  c.S.S.Service.StudentServiceTest - Starting StudentServiceTest using Java 17.0.10 with PID 25772 (started by madhumitha in /home/madhumitha/JavaSpringBootProject/StudentDetails)
2024-03-05 17:47:53,667 [main] INFO  c.S.S.Service.StudentServiceTest - No active profile set, falling back to 1 default profile: "default"
2024-03-05 17:47:55,243 [main] INFO  c.S.S.Service.StudentServiceTest - Started StudentServiceTest in 1.865 seconds (process running for 2.814)
2024-03-05 17:47:56,367 [main] INFO  c.S.S.S.StudentDetailsServiceImpl - Received student details: StudentModel [studentId=0, name=Gugan, registerNo=679, gender=Male, age=23, phoneNumber=8098161001, currentStatus=Undergoing, emailId=Gugan@gmail.com, course=MCA, batch=set89, fees=19000]
2024-03-05 17:47:56,632 [main] INFO  c.S.S.S.StudentDetailsServiceImpl - Student inserted successfully
2024-03-05 17:47:56,682 [main] INFO  c.S.S.S.StudentDetailsServiceImpl - Student Details deleted successfully
2024-03-05 17:49:54,990 [http-nio-8080-exec-8] INFO  c.S.S.S.StudentDetailsServiceImpl - Received student details: StudentModel [studentId=0, name=Rithika, registerNo=91, gender=Female, age=19, phoneNumber=8796756778, currentStatus=Completed, emailId=Rithika@gmail.com, course=Bsc, batch=set14, fees=23000]
2024-03-05 17:49:54,994 [http-nio-8080-exec-8] INFO  c.S.S.S.StudentDetailsServiceImpl - Student inserted successfully
2024-03-05 17:50:09,762 [main] INFO  c.S.S.Service.StudentServiceTest - Starting StudentServiceTest using Java 17.0.10 with PID 25979 (started by madhumitha in /home/madhumitha/JavaSpringBootProject/StudentDetails)
2024-03-05 17:50:09,762 [main] INFO  c.S.S.Service.StudentServiceTest - No active profile set, falling back to 1 default profile: "default"
2024-03-05 17:50:11,334 [main] INFO  c.S.S.Service.StudentServiceTest - Started StudentServiceTest in 1.813 seconds (process running for 2.76)
2024-03-05 17:50:12,392 [main] INFO  c.S.S.S.StudentDetailsServiceImpl - Received student details: StudentModel [studentId=0, name=Gugan, registerNo=679, gender=Male, age=23, phoneNumber=8098161001, currentStatus=Undergoing, emailId=Gugan@gmail.com, course=MCA, batch=set89, fees=19000]
2024-03-05 17:50:12,614 [main] ERROR c.S.S.S.StudentDetailsServiceImpl - Student record is not inserted
2024-03-05 17:50:12,681 [main] ERROR c.S.S.S.StudentDetailsServiceImpl - StudentDetails is not deleted
2024-03-05 17:50:50,615 [main] INFO  c.S.S.Service.StudentServiceTest - Starting StudentServiceTest using Java 17.0.10 with PID 26062 (started by madhumitha in /home/madhumitha/JavaSpringBootProject/StudentDetails)
2024-03-05 17:50:50,616 [main] INFO  c.S.S.Service.StudentServiceTest - No active profile set, falling back to 1 default profile: "default"
2024-03-05 17:50:52,252 [main] INFO  c.S.S.Service.StudentServiceTest - Started StudentServiceTest in 1.851 seconds (process running for 2.861)
2024-03-05 17:50:53,277 [main] INFO  c.S.S.S.StudentDetailsServiceImpl - Received student details: StudentModel [studentId=0, name=Gugan, registerNo=679, gender=Male, age=23, phoneNumber=8098161001, currentStatus=Undergoing, emailId=Gugan@gmail.com, course=MCA, batch=set89, fees=19000]
2024-03-05 17:50:53,500 [main] ERROR c.S.S.S.StudentDetailsServiceImpl - Student record is not inserted
2024-03-05 17:50:53,563 [main] INFO  c.S.S.S.StudentDetailsServiceImpl - Student Details deleted successfully
2024-03-05 17:53:38,702 [http-nio-8080-exec-10] INFO  c.S.S.S.StudentDetailsServiceImpl - Received student details: StudentModel [studentId=0, name=Rithika, registerNo=91, gender=Female, age=19, phoneNumber=8796756778, currentStatus=Completed, emailId=Rithika@gmail.com, course=Bsc, batch=set14, fees=23000]
2024-03-05 17:53:38,705 [http-nio-8080-exec-10] INFO  c.S.S.S.StudentDetailsServiceImpl - Student inserted successfully
2024-03-05 17:54:05,028 [main] INFO  c.S.S.Service.StudentServiceTest - Starting StudentServiceTest using Java 17.0.10 with PID 26203 (started by madhumitha in /home/madhumitha/JavaSpringBootProject/StudentDetails)
2024-03-05 17:54:05,029 [main] INFO  c.S.S.Service.StudentServiceTest - No active profile set, falling back to 1 default profile: "default"
2024-03-05 17:54:06,569 [main] INFO  c.S.S.Service.StudentServiceTest - Started StudentServiceTest in 1.745 seconds (process running for 2.702)
2024-03-05 17:54:07,690 [main] INFO  c.S.S.S.StudentDetailsServiceImpl - Received student details: StudentModel [studentId=0, name=Gugan, registerNo=679, gender=Male, age=23, phoneNumber=8098161001, currentStatus=Undergoing, emailId=Gugan@gmail.com, course=MCA, batch=set89, fees=19000]
2024-03-05 17:54:07,941 [main] INFO  c.S.S.S.StudentDetailsServiceImpl - Student inserted successfully
2024-03-05 17:54:07,999 [main] INFO  c.S.S.S.StudentDetailsServiceImpl - Student Details deleted successfully
2024-03-05 17:56:47,049 [http-nio-8080-exec-4] ERROR c.S.S.S.StudentDetailsServiceImpl - Student Record is not Updated
2024-03-05 18:00:06,085 [http-nio-8080-exec-5] INFO  c.S.S.S.StudentDetailsServiceImpl - Received student details: StudentModel [studentId=0, name=Rithika, registerNo=91, gender=Female, age=19, phoneNumber=8796756778, currentStatus=Completed, emailId=Rithika@gmail.com, course=Bsc, batch=set14, fees=23000]
2024-03-05 18:00:06,088 [http-nio-8080-exec-5] INFO  c.S.S.S.StudentDetailsServiceImpl - Student inserted successfully
2024-03-05 18:00:17,878 [main] INFO  c.S.S.Service.StudentServiceTest - Starting StudentServiceTest using Java 17.0.10 with PID 26560 (started by madhumitha in /home/madhumitha/JavaSpringBootProject/StudentDetails)
2024-03-05 18:00:17,879 [main] INFO  c.S.S.Service.StudentServiceTest - No active profile set, falling back to 1 default profile: "default"
2024-03-05 18:00:19,766 [main] INFO  c.S.S.Service.StudentServiceTest - Started StudentServiceTest in 2.126 seconds (process running for 3.349)
2024-03-05 18:00:21,053 [main] INFO  c.S.S.S.StudentDetailsServiceImpl - Received student details: StudentModel [studentId=0, name=Gugan, registerNo=679, gender=Male, age=23, phoneNumber=8098161001, currentStatus=Undergoing, emailId=Gugan@gmail.com, course=MCA, batch=set89, fees=19000]
2024-03-05 18:00:21,289 [main] INFO  c.S.S.S.StudentDetailsServiceImpl - Student inserted successfully
2024-03-05 18:00:21,337 [main] ERROR c.S.S.S.StudentDetailsServiceImpl - StudentDetails is not deleted
2024-03-05 18:01:58,911 [main] INFO  c.S.S.Service.StudentServiceTest - Starting StudentServiceTest using Java 17.0.10 with PID 26695 (started by madhumitha in /home/madhumitha/JavaSpringBootProject/StudentDetails)
2024-03-05 18:01:58,912 [main] INFO  c.S.S.Service.StudentServiceTest - No active profile set, falling back to 1 default profile: "default"
2024-03-05 18:02:01,076 [main] INFO  c.S.S.Service.StudentServiceTest - Started StudentServiceTest in 2.365 seconds (process running for 3.397)
2024-03-05 18:02:02,476 [main] INFO  c.S.S.S.StudentDetailsServiceImpl - Received student details: StudentModel [studentId=0, name=Gugan, registerNo=679, gender=Male, age=23, phoneNumber=8098161001, currentStatus=Undergoing, emailId=Gugan@gmail.com, course=MCA, batch=set89, fees=19000]
2024-03-05 18:02:02,770 [main] INFO  c.S.S.S.StudentDetailsServiceImpl - Student inserted successfully
2024-03-05 18:02:02,877 [main] INFO  c.S.S.S.StudentDetailsServiceImpl - Student Details deleted successfully
2024-03-05 18:02:49,894 [http-nio-8080-exec-7] INFO  c.S.S.S.StudentDetailsServiceImpl - Received student details: StudentModel [studentId=0, name=Rithika, registerNo=91, gender=Female, age=19, phoneNumber=8796756778, currentStatus=Completed, emailId=Rithika@gmail.com, course=Bsc, batch=set14, fees=23000]
2024-03-05 18:02:49,898 [http-nio-8080-exec-7] INFO  c.S.S.S.StudentDetailsServiceImpl - Student inserted successfully
2024-03-05 18:03:18,493 [main] INFO  c.S.S.Service.StudentServiceTest - Starting StudentServiceTest using Java 17.0.10 with PID 26806 (started by madhumitha in /home/madhumitha/JavaSpringBootProject/StudentDetails)
2024-03-05 18:03:18,494 [main] INFO  c.S.S.Service.StudentServiceTest - No active profile set, falling back to 1 default profile: "default"
2024-03-05 18:03:20,513 [main] INFO  c.S.S.Service.StudentServiceTest - Started StudentServiceTest in 2.276 seconds (process running for 3.461)
2024-03-05 18:03:21,834 [main] INFO  c.S.S.S.StudentDetailsServiceImpl - Received student details: StudentModel [studentId=0, name=Gugan, registerNo=679, gender=Male, age=23, phoneNumber=8098161001, currentStatus=Undergoing, emailId=Gugan@gmail.com, course=MCA, batch=set89, fees=19000]
2024-03-05 18:03:22,069 [main] INFO  c.S.S.S.StudentDetailsServiceImpl - Student inserted successfully
2024-03-05 18:03:22,129 [main] ERROR c.S.S.S.StudentDetailsServiceImpl - Student Record is not Updated
2024-03-05 18:03:22,165 [main] ERROR c.S.S.S.StudentDetailsServiceImpl - StudentDetails is not deleted
2024-03-05 18:04:09,347 [http-nio-8080-exec-2] INFO  c.S.S.S.StudentDetailsServiceImpl - Received student details: StudentModel [studentId=0, name=Rithika, registerNo=91, gender=Female, age=19, phoneNumber=8796756778, currentStatus=Completed, emailId=Rithika@gmail.com, course=Bsc, batch=set14, fees=23000]
2024-03-05 18:04:09,350 [http-nio-8080-exec-2] INFO  c.S.S.S.StudentDetailsServiceImpl - Student inserted successfully
2024-03-05 18:06:16,839 [http-nio-8080-exec-3] INFO  c.S.S.S.StudentDetailsServiceImpl - Received student details: StudentModel [studentId=0, name=Rithika, registerNo=91, gender=Female, age=19, phoneNumber=8796756778, currentStatus=Completed, emailId=Rithika@gmail.com, course=Bsc, batch=set14, fees=23000]
2024-03-05 18:06:16,842 [http-nio-8080-exec-3] ERROR c.S.S.S.StudentDetailsServiceImpl - Student record is not inserted
2024-03-05 18:07:01,702 [main] INFO  c.S.S.Service.StudentServiceTest - Starting StudentServiceTest using Java 17.0.10 with PID 27255 (started by madhumitha in /home/madhumitha/JavaSpringBootProject/StudentDetails)
2024-03-05 18:07:01,702 [main] INFO  c.S.S.Service.StudentServiceTest - No active profile set, falling back to 1 default profile: "default"
2024-03-05 18:07:03,607 [main] INFO  c.S.S.Service.StudentServiceTest - Started StudentServiceTest in 2.156 seconds (process running for 3.206)
2024-03-05 18:07:04,846 [main] INFO  c.S.S.S.StudentDetailsServiceImpl - Received student details: StudentModel [studentId=0, name=Gugan, registerNo=679, gender=Male, age=23, phoneNumber=8098161001, currentStatus=Undergoing, emailId=Gugan@gmail.com, course=MCA, batch=set89, fees=19000]
2024-03-05 18:07:05,119 [main] INFO  c.S.S.S.StudentDetailsServiceImpl - Student inserted successfully
2024-03-05 18:07:05,168 [main] ERROR c.S.S.S.StudentDetailsServiceImpl - Student Record is not Updated
2024-03-05 18:07:05,204 [main] INFO  c.S.S.S.StudentDetailsServiceImpl - Student Details deleted successfully
2024-03-05 18:07:43,654 [main] INFO  c.S.S.Service.StudentServiceTest - Starting StudentServiceTest using Java 17.0.10 with PID 27364 (started by madhumitha in /home/madhumitha/JavaSpringBootProject/StudentDetails)
2024-03-05 18:07:43,655 [main] INFO  c.S.S.Service.StudentServiceTest - No active profile set, falling back to 1 default profile: "default"
2024-03-05 18:07:45,693 [main] INFO  c.S.S.Service.StudentServiceTest - Started StudentServiceTest in 2.251 seconds (process running for 3.541)
2024-03-05 18:07:47,260 [main] INFO  c.S.S.S.StudentDetailsServiceImpl - Student Updates successfully
2024-03-05 18:27:17,416 [main] INFO  c.S.S.Service.StudentServiceTest - Starting StudentServiceTest using Java 17.0.10 with PID 28388 (started by madhumitha in /home/madhumitha/JavaSpringBootProject/StudentDetails)
2024-03-05 18:27:17,417 [main] INFO  c.S.S.Service.StudentServiceTest - No active profile set, falling back to 1 default profile: "default"
2024-03-05 18:27:19,425 [main] INFO  c.S.S.Service.StudentServiceTest - Started StudentServiceTest in 2.248 seconds (process running for 3.397)
2024-03-05 18:27:20,986 [main] INFO  c.S.S.S.StudentDetailsServiceImpl - Student Updates successfully
2024-03-05 18:28:19,932 [main] INFO  c.S.S.Service.StudentServiceTest - Starting StudentServiceTest using Java 17.0.10 with PID 28496 (started by madhumitha in /home/madhumitha/JavaSpringBootProject/StudentDetails)
2024-03-05 18:28:19,933 [main] INFO  c.S.S.Service.StudentServiceTest - No active profile set, falling back to 1 default profile: "default"
2024-03-05 18:28:21,998 [main] INFO  c.S.S.Service.StudentServiceTest - Started StudentServiceTest in 2.33 seconds (process running for 3.353)
2024-03-05 18:28:23,569 [main] INFO  c.S.S.S.StudentDetailsServiceImpl - Student Updates successfully
2024-03-05 18:30:34,257 [main] INFO  c.S.S.Service.StudentServiceTest - Starting StudentServiceTest using Java 17.0.10 with PID 28643 (started by madhumitha in /home/madhumitha/JavaSpringBootProject/StudentDetails)
2024-03-05 18:30:34,258 [main] INFO  c.S.S.Service.StudentServiceTest - No active profile set, falling back to 1 default profile: "default"
2024-03-05 18:30:36,207 [main] INFO  c.S.S.Service.StudentServiceTest - Started StudentServiceTest in 2.23 seconds (process running for 3.266)
2024-03-05 18:30:37,854 [main] INFO  c.S.S.S.StudentDetailsServiceImpl - Student Updates successfully
2024-03-05 18:30:37,926 [main] ERROR c.S.S.S.StudentDetailsServiceImpl - Record not found
2024-03-05 19:04:14,501 [main] INFO  c.S.S.Service.StudentServiceTest - Starting StudentServiceTest using Java 17.0.10 with PID 30391 (started by madhumitha in /home/madhumitha/JavaSpringBootProject/StudentDetails)
2024-03-05 19:04:14,502 [main] INFO  c.S.S.Service.StudentServiceTest - No active profile set, falling back to 1 default profile: "default"
2024-03-05 19:04:16,376 [main] INFO  c.S.S.Service.StudentServiceTest - Started StudentServiceTest in 2.104 seconds (process running for 3.231)
2024-03-05 19:04:17,920 [main] INFO  c.S.S.S.StudentDetailsServiceImpl - Student Updates successfully
2024-03-05 19:05:31,764 [main] INFO  c.S.S.Service.StudentServiceTest - Starting StudentServiceTest using Java 17.0.10 with PID 30505 (started by madhumitha in /home/madhumitha/JavaSpringBootProject/StudentDetails)
2024-03-05 19:05:31,765 [main] INFO  c.S.S.Service.StudentServiceTest - No active profile set, falling back to 1 default profile: "default"
2024-03-05 19:05:33,573 [main] INFO  c.S.S.Service.StudentServiceTest - Started StudentServiceTest in 2.045 seconds (process running for 3.091)
2024-03-05 19:05:35,094 [main] INFO  c.S.S.S.StudentDetailsServiceImpl - Student Updates successfully
2024-03-05 19:05:35,154 [main] ERROR c.S.S.S.StudentDetailsServiceImpl - Record not found
2024-03-05 19:06:35,948 [main] INFO  c.S.S.Service.StudentServiceTest - Starting StudentServiceTest using Java 17.0.10 with PID 30597 (started by madhumitha in /home/madhumitha/JavaSpringBootProject/StudentDetails)
2024-03-05 19:06:35,949 [main] INFO  c.S.S.Service.StudentServiceTest - No active profile set, falling back to 1 default profile: "default"
2024-03-05 19:06:37,749 [main] INFO  c.S.S.Service.StudentServiceTest - Started StudentServiceTest in 2.049 seconds (process running for 3.219)
2024-03-05 19:06:39,346 [main] INFO  c.S.S.S.StudentDetailsServiceImpl - Student Updates successfully
2024-03-05 19:06:39,409 [main] ERROR c.S.S.S.StudentDetailsServiceImpl - Record not found
2024-03-05 19:21:34,739 [main] INFO  c.S.S.Service.StudentServiceTest - Starting StudentServiceTest using Java 17.0.10 with PID 30971 (started by madhumitha in /home/madhumitha/JavaSpringBootProject/StudentDetails)
2024-03-05 19:21:34,740 [main] INFO  c.S.S.Service.StudentServiceTest - No active profile set, falling back to 1 default profile: "default"
2024-03-05 19:21:36,598 [main] INFO  c.S.S.Service.StudentServiceTest - Started StudentServiceTest in 2.13 seconds (process running for 3.322)
2024-03-05 19:21:38,070 [main] INFO  c.S.S.S.StudentDetailsServiceImpl - Student Updates successfully
2024-03-05 19:21:38,139 [main] ERROR c.S.S.S.StudentDetailsServiceImpl - Record not found
2024-03-05 19:25:52,465 [main] INFO  c.S.S.Service.StudentServiceTest - Starting StudentServiceTest using Java 17.0.10 with PID 31211 (started by madhumitha in /home/madhumitha/JavaSpringBootProject/StudentDetails)
2024-03-05 19:25:52,467 [main] INFO  c.S.S.Service.StudentServiceTest - No active profile set, falling back to 1 default profile: "default"
2024-03-05 19:25:54,575 [main] INFO  c.S.S.Service.StudentServiceTest - Started StudentServiceTest in 2.386 seconds (process running for 3.478)
2024-03-05 19:25:56,212 [main] INFO  c.S.S.S.StudentDetailsServiceImpl - Student Updates successfully
2024-03-05 19:26:07,603 [main] INFO  c.S.S.Service.StudentServiceTest - Starting StudentServiceTest using Java 17.0.10 with PID 31296 (started by madhumitha in /home/madhumitha/JavaSpringBootProject/StudentDetails)
2024-03-05 19:26:07,604 [main] INFO  c.S.S.Service.StudentServiceTest - No active profile set, falling back to 1 default profile: "default"
2024-03-05 19:26:09,772 [main] INFO  c.S.S.Service.StudentServiceTest - Started StudentServiceTest in 2.375 seconds (process running for 3.499)
2024-03-05 19:26:11,491 [main] INFO  c.S.S.S.StudentDetailsServiceImpl - Student Updates successfully
2024-03-05 19:26:11,544 [main] ERROR c.S.S.S.StudentDetailsServiceImpl - Record not found
2024-03-05 19:36:58,524 [main] INFO  c.S.S.Service.StudentServiceTest - Starting StudentServiceTest using Java 17.0.10 with PID 32051 (started by madhumitha in /home/madhumitha/JavaSpringBootProject/StudentDetails)
2024-03-05 19:36:58,526 [main] INFO  c.S.S.Service.StudentServiceTest - No active profile set, falling back to 1 default profile: "default"
2024-03-05 19:37:00,582 [main] INFO  c.S.S.Service.StudentServiceTest - Started StudentServiceTest in 2.31 seconds (process running for 3.397)
2024-03-05 19:37:02,300 [main] INFO  c.S.S.S.StudentDetailsServiceImpl - Student Updates successfully
2024-03-06 11:18:04,245 [main] INFO  c.S.S.Service.StudentServiceTest - Starting StudentServiceTest using Java 17.0.10 with PID 6221 (started by madhumitha in /home/madhumitha/JavaSpringBootProject/StudentDetails)
2024-03-06 11:18:04,246 [main] INFO  c.S.S.Service.StudentServiceTest - No active profile set, falling back to 1 default profile: "default"
2024-03-06 11:18:06,359 [main] INFO  c.S.S.Service.StudentServiceTest - Started StudentServiceTest in 2.382 seconds (process running for 3.661)
2024-03-06 11:18:07,854 [main] ERROR c.S.S.S.StudentDetailsServiceImpl - Record not found
2024-03-06 11:18:07,859 [main] ERROR c.S.S.S.StudentDetailsServiceImpl - Record not found
2024-03-06 11:18:08,225 [main] ERROR c.S.S.S.StudentDetailsServiceImpl - StudentDetails is not deleted
2024-03-06 11:18:44,048 [main] INFO  c.S.S.Service.StudentServiceTest - Starting StudentServiceTest using Java 17.0.10 with PID 6315 (started by madhumitha in /home/madhumitha/JavaSpringBootProject/StudentDetails)
2024-03-06 11:18:44,049 [main] INFO  c.S.S.Service.StudentServiceTest - No active profile set, falling back to 1 default profile: "default"
2024-03-06 11:18:45,785 [main] INFO  c.S.S.Service.StudentServiceTest - Started StudentServiceTest in 1.97 seconds (process running for 3.013)
2024-03-06 11:18:47,081 [main] ERROR c.S.S.S.StudentDetailsServiceImpl - Record not found
2024-03-06 11:18:47,185 [main] ERROR c.S.S.S.StudentDetailsServiceImpl - Record not found
2024-03-06 11:26:13,035 [main] INFO  c.S.S.Service.StudentServiceTest - Starting StudentServiceTest using Java 17.0.10 with PID 6623 (started by madhumitha in /home/madhumitha/JavaSpringBootProject/StudentDetails)
2024-03-06 11:26:13,036 [main] INFO  c.S.S.Service.StudentServiceTest - No active profile set, falling back to 1 default profile: "default"
2024-03-06 11:26:14,772 [main] INFO  c.S.S.Service.StudentServiceTest - Started StudentServiceTest in 1.928 seconds (process running for 2.954)
2024-03-06 11:26:16,022 [main] ERROR c.S.S.S.StudentDetailsServiceImpl - Record not found
2024-03-06 11:29:52,656 [http-nio-8080-exec-2] ERROR c.S.S.S.StudentDetailsServiceImpl - Record not found
2024-03-06 11:30:00,131 [http-nio-8080-exec-3] ERROR c.S.S.S.StudentDetailsServiceImpl - Record not found
2024-03-06 11:30:53,793 [http-nio-8080-exec-2] ERROR c.S.S.S.StudentDetailsServiceImpl - Record not found
2024-03-06 11:30:58,774 [http-nio-8080-exec-3] INFO  c.S.S.S.StudentDetailsServiceImpl - Received student details: StudentModel [studentId=0, name=Rithika, registerNo=91, gender=Female, age=19, phoneNumber=8796756778, currentStatus=Completed, emailId=Rithika@gmail.com, course=Bsc, batch=set14, fees=23000]
2024-03-06 11:30:58,958 [http-nio-8080-exec-3] INFO  c.S.S.S.StudentDetailsServiceImpl - Student inserted successfully
2024-03-06 11:31:04,158 [http-nio-8080-exec-4] ERROR c.S.S.S.StudentDetailsServiceImpl - Record not found
2024-03-06 11:31:19,325 [http-nio-8080-exec-5] ERROR c.S.S.S.StudentDetailsServiceImpl - StudentDetails is not deleted
2024-03-06 11:31:23,308 [http-nio-8080-exec-6] INFO  c.S.S.S.StudentDetailsServiceImpl - Details retrieved successfully
2024-03-06 11:34:47,019 [http-nio-8080-exec-9] ERROR c.S.S.S.StudentDetailsServiceImpl - Record not found
2024-03-06 11:37:10,781 [http-nio-8080-exec-1] ERROR c.S.S.S.StudentDetailsServiceImpl - Record not found
2024-03-06 11:39:32,059 [http-nio-8080-exec-1] ERROR c.S.S.S.StudentDetailsServiceImpl - Record not found
2024-03-06 11:41:22,822 [http-nio-8080-exec-2] ERROR c.S.S.S.StudentDetailsServiceImpl - Record not found
2024-03-06 11:45:27,974 [http-nio-8080-exec-1] ERROR c.S.S.S.StudentDetailsServiceImpl - Record not found
2024-03-06 11:50:32,501 [http-nio-8080-exec-1] INFO  c.S.S.S.StudentDetailsServiceImpl - Details Retrived Successfully
2024-03-06 11:50:41,931 [main] INFO  c.S.S.Service.StudentServiceTest - Starting StudentServiceTest using Java 17.0.10 with PID 9037 (started by madhumitha in /home/madhumitha/JavaSpringBootProject/StudentDetails)
2024-03-06 11:50:41,932 [main] INFO  c.S.S.Service.StudentServiceTest - No active profile set, falling back to 1 default profile: "default"
2024-03-06 11:50:43,749 [main] INFO  c.S.S.Service.StudentServiceTest - Started StudentServiceTest in 2.015 seconds (process running for 3.164)
2024-03-06 11:50:44,931 [main] ERROR c.S.S.S.StudentDetailsServiceImpl - Record not found
2024-03-06 11:51:53,577 [http-nio-8080-exec-5] INFO  c.S.S.S.StudentDetailsServiceImpl - Details Retrived Successfully
2024-03-06 11:55:02,995 [main] INFO  c.S.S.Service.StudentServiceTest - Starting StudentServiceTest using Java 17.0.10 with PID 9256 (started by madhumitha in /home/madhumitha/JavaSpringBootProject/StudentDetails)
2024-03-06 11:55:02,996 [main] INFO  c.S.S.Service.StudentServiceTest - No active profile set, falling back to 1 default profile: "default"
2024-03-06 11:55:04,824 [main] INFO  c.S.S.Service.StudentServiceTest - Started StudentServiceTest in 2.068 seconds (process running for 3.189)
2024-03-06 11:55:06,106 [main] ERROR c.S.S.S.StudentDetailsServiceImpl - Record not found
2024-03-06 11:55:26,760 [http-nio-8080-exec-8] INFO  c.S.S.S.StudentDetailsServiceImpl - Details Retrived Successfully
2024-03-06 12:01:29,403 [http-nio-8080-exec-1] INFO  c.S.S.S.StudentDetailsServiceImpl - Details Retrived Successfully
2024-03-06 12:14:14,669 [main] INFO  c.S.S.Service.StudentServiceTest - Starting StudentServiceTest using Java 17.0.10 with PID 10047 (started by madhumitha in /home/madhumitha/JavaSpringBootProject/StudentDetails)
2024-03-06 12:14:14,670 [main] INFO  c.S.S.Service.StudentServiceTest - No active profile set, falling back to 1 default profile: "default"
2024-03-06 12:14:16,124 [main] INFO  c.S.S.Service.StudentServiceTest - Started StudentServiceTest in 1.676 seconds (process running for 2.697)
2024-03-06 12:14:17,152 [main] ERROR c.S.S.S.StudentDetailsServiceImpl - Record not found
2024-03-06 12:14:57,354 [http-nio-8080-exec-4] INFO  c.S.S.S.StudentDetailsServiceImpl - Details Retrived Successfully
2024-03-06 12:16:53,473 [main] INFO  c.S.S.Service.StudentServiceTest - Starting StudentServiceTest using Java 17.0.10 with PID 10174 (started by madhumitha in /home/madhumitha/JavaSpringBootProject/StudentDetails)
2024-03-06 12:16:53,474 [main] INFO  c.S.S.Service.StudentServiceTest - No active profile set, falling back to 1 default profile: "default"
2024-03-06 12:16:55,020 [main] INFO  c.S.S.Service.StudentServiceTest - Started StudentServiceTest in 1.753 seconds (process running for 2.792)
2024-03-06 12:16:56,058 [main] ERROR c.S.S.S.StudentDetailsServiceImpl - Record not found
2024-03-06 12:19:06,604 [main] INFO  c.S.S.Service.StudentServiceTest - Starting StudentServiceTest using Java 17.0.10 with PID 10299 (started by madhumitha in /home/madhumitha/JavaSpringBootProject/StudentDetails)
2024-03-06 12:19:06,605 [main] INFO  c.S.S.Service.StudentServiceTest - No active profile set, falling back to 1 default profile: "default"
2024-03-06 12:19:08,229 [main] INFO  c.S.S.Service.StudentServiceTest - Started StudentServiceTest in 1.829 seconds (process running for 2.814)
2024-03-06 12:19:09,182 [main] ERROR c.S.S.S.StudentDetailsServiceImpl - Record not found
2024-03-06 12:23:44,093 [main] INFO  c.S.S.Service.StudentServiceTest - Starting StudentServiceTest using Java 17.0.10 with PID 10566 (started by madhumitha in /home/madhumitha/JavaSpringBootProject/StudentDetails)
2024-03-06 12:23:44,094 [main] INFO  c.S.S.Service.StudentServiceTest - No active profile set, falling back to 1 default profile: "default"
2024-03-06 12:23:45,760 [main] INFO  c.S.S.Service.StudentServiceTest - Started StudentServiceTest in 1.93 seconds (process running for 2.85)
2024-03-06 13:14:00,709 [main] INFO  c.S.S.S.StudentDetailsServiceImpl - Received student details: StudentModel [studentId=0, name=Gugan, registerNo=679, gender=Male, age=23, phoneNumber=8098161001, currentStatus=Undergoing, emailId=Gugan@gmail.com, course=MCA, batch=set89, fees=19000]
2024-03-06 13:14:00,916 [main] INFO  c.S.S.S.StudentDetailsServiceImpl - Student inserted successfully
2024-03-06 13:21:47,652 [main] ERROR c.S.S.S.StudentDetailsServiceImpl - StudentDetails is not deleted
2024-03-06 13:22:42,868 [main] INFO  c.S.S.S.StudentDetailsServiceImpl - Student Details deleted successfully
2024-03-06 13:23:10,661 [http-nio-8080-exec-1] INFO  c.S.S.S.StudentDetailsServiceImpl - Received student details: StudentModel [studentId=0, name=Rithika, registerNo=91, gender=Female, age=19, phoneNumber=8796756778, currentStatus=Completed, emailId=Rithika@gmail.com, course=Bsc, batch=set14, fees=23000]
2024-03-06 13:23:10,866 [http-nio-8080-exec-1] INFO  c.S.S.S.StudentDetailsServiceImpl - Student inserted successfully
2024-03-06 13:23:30,630 [main] INFO  c.S.S.S.StudentDetailsServiceImpl - Student Details deleted successfully
2024-03-06 13:24:41,191 [http-nio-8080-exec-5] INFO  c.S.S.S.StudentDetailsServiceImpl - Received student details: StudentModel [studentId=0, name=Rithika, registerNo=91, gender=Female, age=19, phoneNumber=8796756778, currentStatus=Completed, emailId=Rithika@gmail.com, course=Bsc, batch=set14, fees=23000]
2024-03-06 13:24:41,195 [http-nio-8080-exec-5] INFO  c.S.S.S.StudentDetailsServiceImpl - Student inserted successfully
2024-03-06 13:25:53,687 [main] INFO  c.S.S.S.StudentDetailsServiceImpl - Student Updates successfully
2024-03-06 13:37:33,974 [main] INFO  c.S.S.S.StudentDetailsServiceImpl - Details Retrived Successfully
2024-03-06 13:37:34,012 [main] INFO  c.S.S.S.StudentDetailsServiceImpl - Details Retrived Successfully
2024-03-06 13:42:52,749 [main] INFO  c.S.S.S.StudentDetailsServiceImpl - Details retrieved successfully
2024-03-06 13:42:52,793 [main] INFO  c.S.S.S.StudentDetailsServiceImpl - Details Retrived Successfully
2024-03-06 13:43:15,243 [main] INFO  c.S.S.S.StudentDetailsServiceImpl - Details retrieved successfully
2024-03-06 13:43:15,306 [main] INFO  c.S.S.S.StudentDetailsServiceImpl - Details Retrived Successfully
2024-03-06 13:43:59,647 [main] INFO  c.S.S.S.StudentDetailsServiceImpl - Details retrieved successfully
2024-03-06 13:43:59,690 [main] INFO  c.S.S.S.StudentDetailsServiceImpl - Details Retrived Successfully
2024-03-06 13:45:54,509 [main] INFO  c.S.S.S.StudentDetailsServiceImpl - Details retrieved successfully
2024-03-06 13:45:54,553 [main] INFO  c.S.S.S.StudentDetailsServiceImpl - Details Retrived Successfully
2024-03-06 14:51:07,687 [main] INFO  c.S.S.S.StudentDetailsServiceImpl - Received student details: StudentModel [studentId=0, name=Gugan, registerNo=679, gender=Male, age=23, phoneNumber=8098161001, currentStatus=Undergoing, emailId=Gugan@gmail.com, course=MCA, batch=set89, fees=19000]
2024-03-06 14:51:07,734 [main] ERROR c.S.S.S.StudentDetailsServiceImpl - Student record is not inserted
2024-03-06 14:51:07,785 [main] INFO  c.S.S.S.StudentDetailsServiceImpl - Student Updates successfully
2024-03-06 14:51:07,816 [main] INFO  c.S.S.S.StudentDetailsServiceImpl - Details retrieved successfully
2024-03-06 14:51:07,822 [main] INFO  c.S.S.S.StudentDetailsServiceImpl - Details Retrived Successfully
2024-03-06 14:51:07,894 [main] INFO  c.S.S.S.StudentDetailsServiceImpl - Details Retrived Successfully
2024-03-06 14:51:07,897 [main] INFO  c.S.S.S.StudentDetailsServiceImpl - Details Retrived Successfully
2024-03-06 14:51:07,913 [main] ERROR c.S.S.S.StudentDetailsServiceImpl - StudentDetails is not deleted
2024-03-06 14:52:06,135 [main] INFO  c.S.S.S.StudentDetailsServiceImpl - Received student details: StudentModel [studentId=0, name=Gugan, registerNo=67, gender=Male, age=23, phoneNumber=8098161001, currentStatus=Undergoing, emailId=Gugan@gmail.com, course=MCA, batch=set89, fees=19000]
2024-03-06 14:52:06,162 [main] INFO  c.S.S.S.StudentDetailsServiceImpl - Student inserted successfully
2024-03-06 14:52:06,206 [main] INFO  c.S.S.S.StudentDetailsServiceImpl - Student Updates successfully
2024-03-06 14:52:06,230 [main] INFO  c.S.S.S.StudentDetailsServiceImpl - Details retrieved successfully
2024-03-06 14:52:06,235 [main] INFO  c.S.S.S.StudentDetailsServiceImpl - Details Retrived Successfully
2024-03-06 14:52:06,301 [main] INFO  c.S.S.S.StudentDetailsServiceImpl - Details Retrived Successfully
2024-03-06 14:52:06,304 [main] INFO  c.S.S.S.StudentDetailsServiceImpl - Details Retrived Successfully
2024-03-06 14:52:06,321 [main] ERROR c.S.S.S.StudentDetailsServiceImpl - StudentDetails is not deleted
2024-03-06 14:52:34,077 [main] INFO  c.S.S.S.StudentDetailsServiceImpl - Received student details: StudentModel [studentId=0, name=Gugan, registerNo=67, gender=Male, age=23, phoneNumber=8098161001, currentStatus=Undergoing, emailId=Gugan@gmail.com, course=MCA, batch=set89, fees=19000]
2024-03-06 14:52:34,109 [main] INFO  c.S.S.S.StudentDetailsServiceImpl - Student inserted successfully
2024-03-06 14:52:34,156 [main] INFO  c.S.S.S.StudentDetailsServiceImpl - Student Updates successfully
2024-03-06 14:52:34,184 [main] INFO  c.S.S.S.StudentDetailsServiceImpl - Details retrieved successfully
2024-03-06 14:52:34,190 [main] INFO  c.S.S.S.StudentDetailsServiceImpl - Details Retrived Successfully
2024-03-06 14:52:34,254 [main] INFO  c.S.S.S.StudentDetailsServiceImpl - Details Retrived Successfully
2024-03-06 14:52:34,258 [main] INFO  c.S.S.S.StudentDetailsServiceImpl - Details Retrived Successfully
2024-03-06 14:52:34,271 [main] ERROR c.S.S.S.StudentDetailsServiceImpl - StudentDetails is not deleted
2024-03-06 14:52:56,593 [main] INFO  c.S.S.S.StudentDetailsServiceImpl - Received student details: StudentModel [studentId=0, name=Gugan, registerNo=67, gender=Male, age=23, phoneNumber=8098161001, currentStatus=Undergoing, emailId=Gugan@gmail.com, course=MCA, batch=set89, fees=19000]
2024-03-06 14:52:56,621 [main] INFO  c.S.S.S.StudentDetailsServiceImpl - Student inserted successfully
2024-03-06 14:52:56,664 [main] INFO  c.S.S.S.StudentDetailsServiceImpl - Student Updates successfully
2024-03-06 14:52:56,687 [main] INFO  c.S.S.S.StudentDetailsServiceImpl - Details retrieved successfully
2024-03-06 14:52:56,693 [main] INFO  c.S.S.S.StudentDetailsServiceImpl - Details Retrived Successfully
2024-03-06 14:52:56,746 [main] INFO  c.S.S.S.StudentDetailsServiceImpl - Details Retrived Successfully
2024-03-06 14:52:56,749 [main] INFO  c.S.S.S.StudentDetailsServiceImpl - Details Retrived Successfully
2024-03-06 14:52:56,761 [main] INFO  c.S.S.S.StudentDetailsServiceImpl - Student Details deleted successfully
2024-03-06 17:29:00,494 [http-nio-8080-exec-1] INFO  c.S.S.S.StudentDetailsServiceImpl - Details Retrived Successfully
2024-03-06 17:31:37,562 [http-nio-8080-exec-4] INFO  c.S.S.S.StudentDetailsServiceImpl - Details Retrived Successfully
2024-03-06 17:34:15,416 [http-nio-8080-exec-1] INFO  c.S.S.S.StudentDetailsServiceImpl - Details Retrived Successfully
2024-03-06 17:34:31,293 [http-nio-8080-exec-3] INFO  c.S.S.S.StudentDetailsServiceImpl - Details Retrived Successfully
2024-03-06 17:35:06,519 [http-nio-8080-exec-1] INFO  c.S.S.S.StudentDetailsServiceImpl - Details Retrived Successfully
2024-03-06 17:36:29,525 [http-nio-8080-exec-1] INFO  c.S.S.S.StudentDetailsServiceImpl - Details Retrived Successfully
2024-03-06 17:36:30,280 [http-nio-8080-exec-2] INFO  c.S.S.S.StudentDetailsServiceImpl - Details Retrived Successfully
2024-03-06 18:05:28,656 [http-nio-8080-exec-1] INFO  c.S.S.S.StudentDetailsServiceImpl - Details retrieved successfully
2024-03-06 18:19:19,334 [http-nio-8080-exec-1] INFO  c.S.S.S.StudentDetailsServiceImpl - Details retrieved successfully
2024-03-06 18:19:29,724 [http-nio-8080-exec-3] INFO  c.S.S.S.StudentDetailsServiceImpl - Details retrieved successfully
2024-03-06 18:26:15,003 [http-nio-8080-exec-7] INFO  c.S.S.S.StudentDetailsServiceImpl - Details retrieved successfully
2024-03-06 18:26:38,527 [http-nio-8080-exec-2] ERROR c.S.S.S.StudentDetailsServiceImpl - Record not found
2024-03-06 19:02:01,127 [http-nio-8080-exec-2] INFO  c.S.S.S.StudentDetailsServiceImpl - Details Retrived Successfully
2024-03-06 19:02:12,192 [http-nio-8080-exec-3] INFO  c.S.S.S.StudentDetailsServiceImpl - Details Retrived Successfully
2024-03-06 19:05:36,055 [http-nio-8080-exec-7] INFO  c.S.S.S.StudentDetailsServiceImpl - Details Retrived Successfully
2024-03-06 19:05:37,023 [http-nio-8080-exec-8] INFO  c.S.S.S.StudentDetailsServiceImpl - Details Retrived Successfully
2024-03-06 19:17:09,971 [http-nio-8080-exec-1] INFO  c.S.S.S.StudentDetailsServiceImpl - Details Retrived Successfully
2024-03-06 19:31:39,661 [http-nio-8080-exec-2] INFO  c.S.S.S.StudentDetailsServiceImpl - Details retrieved successfully
2024-03-06 19:31:57,446 [http-nio-8080-exec-3] INFO  c.S.S.S.StudentDetailsServiceImpl - Details retrieved successfully
2024-03-06 19:40:23,549 [main] INFO  c.S.S.S.StudentDetailsServiceImpl - Received student details: StudentModel [studentId=0, name=Gugan, registerNo=67, gender=Male, age=23, phoneNumber=8098161001, currentStatus=Undergoing, emailId=Gugan@gmail.com, course=MCA, batch=set89, fees=19000]
2024-03-06 19:40:23,578 [main] INFO  c.S.S.S.StudentDetailsServiceImpl - Student inserted successfully
2024-03-06 19:40:23,627 [main] INFO  c.S.S.S.StudentDetailsServiceImpl - Student Updates successfully
2024-03-06 19:40:23,651 [main] INFO  c.S.S.S.StudentDetailsServiceImpl - Details retrieved successfully
2024-03-06 19:40:23,657 [main] INFO  c.S.S.S.StudentDetailsServiceImpl - Details Retrived Successfully
2024-03-06 19:40:23,729 [main] INFO  c.S.S.S.StudentDetailsServiceImpl - Details Retrived Successfully
2024-03-06 19:40:23,732 [main] INFO  c.S.S.S.StudentDetailsServiceImpl - Details Retrived Successfully
2024-03-06 19:40:23,748 [main] INFO  c.S.S.S.StudentDetailsServiceImpl - Student Details deleted successfully
2024-03-07 13:01:03,285 [http-nio-8080-exec-2] INFO  c.S.S.S.StudentDetailsServiceImpl - Details Retrived Successfully
2024-03-07 13:07:29,754 [http-nio-8080-exec-2] INFO  c.S.S.S.StudentDetailsServiceImpl - Details Retrived Successfully
2024-03-07 13:10:47,175 [http-nio-8080-exec-2] INFO  c.S.S.S.StudentDetailsServiceImpl - Details Retrived Successfully
2024-03-07 13:11:59,456 [http-nio-8080-exec-2] INFO  c.S.S.S.StudentDetailsServiceImpl - Details Retrived Successfully
2024-03-07 13:29:35,717 [http-nio-8080-exec-1] INFO  c.S.S.S.StudentDetailsServiceImpl - Details Retrived Successfully
2024-03-07 13:32:23,971 [http-nio-8080-exec-2] INFO  c.S.S.S.StudentDetailsServiceImpl - Details Retrived Successfully
2024-03-07 13:35:22,365 [http-nio-8080-exec-2] INFO  c.S.S.S.StudentDetailsServiceImpl - Details Retrived Successfully
2024-03-07 13:36:16,408 [http-nio-8080-exec-3] INFO  c.S.S.S.StudentDetailsServiceImpl - Details Retrived Successfully
2024-03-07 13:38:13,394 [http-nio-8080-exec-2] INFO  c.S.S.S.StudentDetailsServiceImpl - Details Retrived Successfully
2024-03-07 13:38:29,526 [http-nio-8080-exec-3] INFO  c.S.S.S.StudentDetailsServiceImpl - Details Retrived Successfully
2024-03-07 13:42:06,941 [http-nio-8080-exec-1] INFO  c.S.S.S.StudentDetailsServiceImpl - Details Retrived Successfully
2024-03-07 13:44:29,967 [http-nio-8080-exec-1] INFO  c.S.S.S.StudentDetailsServiceImpl - Details Retrived Successfully
2024-03-07 13:44:59,556 [http-nio-8080-exec-3] INFO  c.S.S.S.StudentDetailsServiceImpl - Details Retrived Successfully
2024-03-07 13:47:52,931 [http-nio-8080-exec-2] INFO  c.S.S.S.StudentDetailsServiceImpl - Details Retrived Successfully
2024-03-07 13:51:28,660 [http-nio-8080-exec-2] INFO  c.S.S.S.StudentDetailsServiceImpl - Details Retrived Successfully
2024-03-07 13:54:32,194 [http-nio-8080-exec-2] INFO  c.S.S.S.StudentDetailsServiceImpl - Details Retrived Successfully
2024-03-07 13:58:14,803 [http-nio-8080-exec-1] INFO  c.S.S.S.StudentDetailsServiceImpl - Details Retrived Successfully
2024-03-07 14:01:14,181 [http-nio-8080-exec-1] INFO  c.S.S.S.StudentDetailsServiceImpl - Details Retrived Successfully
2024-03-07 14:02:03,722 [http-nio-8080-exec-1] INFO  c.S.S.S.StudentDetailsServiceImpl - Details Retrived Successfully
2024-03-07 14:55:27,193 [http-nio-8080-exec-2] INFO  c.S.S.S.StudentDetailsServiceImpl - Details Retrived Successfully
2024-03-07 14:57:57,297 [http-nio-8080-exec-2] INFO  c.S.S.S.StudentDetailsServiceImpl - Details Retrived Successfully
2024-03-07 15:03:42,532 [http-nio-8080-exec-1] INFO  c.S.S.S.StudentDetailsServiceImpl - Details Retrived Successfully
2024-03-07 15:05:12,144 [http-nio-8080-exec-1] INFO  c.S.S.S.StudentDetailsServiceImpl - Details Retrived Successfully
2024-03-07 15:13:24,110 [http-nio-8080-exec-5] INFO  c.S.S.S.StudentDetailsServiceImpl - Details Retrived Successfully
2024-03-07 15:13:25,611 [http-nio-8080-exec-6] INFO  c.S.S.S.StudentDetailsServiceImpl - Details Retrived Successfully
2024-03-07 15:13:25,921 [http-nio-8080-exec-7] INFO  c.S.S.S.StudentDetailsServiceImpl - Details Retrived Successfully
2024-03-07 15:13:26,391 [http-nio-8080-exec-8] INFO  c.S.S.S.StudentDetailsServiceImpl - Details Retrived Successfully
2024-03-07 15:13:49,751 [http-nio-8080-exec-1] INFO  c.S.S.S.StudentDetailsServiceImpl - Details Retrived Successfully
2024-03-07 15:29:21,284 [http-nio-8080-exec-2] INFO  c.S.S.S.StudentDetailsServiceImpl - Details Retrived Successfully
2024-03-07 15:30:27,325 [http-nio-8080-exec-2] INFO  c.S.S.S.StudentDetailsServiceImpl - Details Retrived Successfully
2024-03-07 15:30:46,771 [http-nio-8080-exec-3] INFO  c.S.S.S.StudentDetailsServiceImpl - Details Retrived Successfully
2024-03-07 15:31:28,317 [http-nio-8080-exec-1] INFO  c.S.S.S.StudentDetailsServiceImpl - Details Retrived Successfully
2024-03-07 15:31:57,284 [http-nio-8080-exec-2] INFO  c.S.S.S.StudentDetailsServiceImpl - Details Retrived Successfully
2024-03-07 15:35:44,865 [http-nio-8080-exec-2] INFO  c.S.S.S.StudentDetailsServiceImpl - Details retrieved successfully
2024-03-07 15:36:00,189 [http-nio-8080-exec-3] INFO  c.S.S.S.StudentDetailsServiceImpl - Details retrieved successfully
2024-03-07 15:55:05,902 [http-nio-8080-exec-8] INFO  c.S.S.S.StudentDetailsServiceImpl - Details Retrived Successfully
2024-03-07 15:57:56,974 [http-nio-8080-exec-1] INFO  c.S.S.S.StudentDetailsServiceImpl - Details Retrived Successfully
2024-03-07 15:58:57,792 [http-nio-8080-exec-3] INFO  c.S.S.S.StudentDetailsServiceImpl - Details Retrived Successfully
2024-03-07 16:00:10,154 [http-nio-8080-exec-5] INFO  c.S.S.S.StudentDetailsServiceImpl - Details Retrived Successfully
2024-03-07 16:00:15,646 [http-nio-8080-exec-6] INFO  c.S.S.S.StudentDetailsServiceImpl - Details Retrived Successfully
2024-03-07 16:00:50,720 [http-nio-8080-exec-7] INFO  c.S.S.S.StudentDetailsServiceImpl - Details Retrived Successfully
2024-03-07 16:00:56,277 [http-nio-8080-exec-8] INFO  c.S.S.S.StudentDetailsServiceImpl - Details Retrived Successfully
2024-03-07 16:00:59,671 [http-nio-8080-exec-9] INFO  c.S.S.S.StudentDetailsServiceImpl - Details Retrived Successfully
2024-03-07 16:01:10,224 [http-nio-8080-exec-10] INFO  c.S.S.S.StudentDetailsServiceImpl - Details Retrived Successfully
2024-03-07 16:04:13,899 [http-nio-8080-exec-4] INFO  c.S.S.S.StudentDetailsServiceImpl - Details Retrived Successfully
2024-03-07 16:05:35,203 [http-nio-8080-exec-6] INFO  c.S.S.S.StudentDetailsServiceImpl - Details Retrived Successfully
2024-03-07 17:39:51,652 [http-nio-8080-exec-8] INFO  c.S.S.S.StudentDetailsServiceImpl - Details Retrived Successfully
2024-03-07 17:39:53,306 [http-nio-8080-exec-9] INFO  c.S.S.S.StudentDetailsServiceImpl - Details Retrived Successfully
2024-03-07 17:39:54,402 [http-nio-8080-exec-10] INFO  c.S.S.S.StudentDetailsServiceImpl - Details Retrived Successfully
2024-03-07 17:40:05,282 [http-nio-8080-exec-1] INFO  c.S.S.S.StudentDetailsServiceImpl - Details Retrived Successfully
2024-03-07 17:44:34,888 [http-nio-8080-exec-4] INFO  c.S.S.S.StudentDetailsServiceImpl - Details Retrived Successfully
2024-03-13 12:41:31,522 [http-nio-8080-exec-1] INFO  c.S.S.S.StudentDetailsServiceImpl - Received student details: StudentModel [studentId=0, name=Rithika, registerNo=91, gender=Female, age=19, phoneNumber=8796756778, currentStatus=Completed, emailId=Rithika@gmail.com, course=Bsc, batch=set14, fees=23000, role=Student, password=rithikaravi]
2024-03-13 12:41:32,709 [http-nio-8080-exec-1] ERROR c.S.S.S.StudentDetailsServiceImpl - Student record is not inserted
2024-03-13 12:42:34,575 [http-nio-8080-exec-4] INFO  c.S.S.S.StudentDetailsServiceImpl - Received student details: StudentModel [studentId=0, name=Rithika, registerNo=91, gender=Female, age=19, phoneNumber=8796756778, currentStatus=Completed, emailId=Rithika@gmail.com, course=Bsc, batch=set14, fees=23000, role=Student, password=rithikaravi]
2024-03-13 12:42:35,579 [http-nio-8080-exec-4] ERROR c.S.S.S.StudentDetailsServiceImpl - Student record is not inserted
2024-03-13 12:42:52,250 [http-nio-8080-exec-1] INFO  c.S.S.S.StudentDetailsServiceImpl - Received student details: StudentModel [studentId=0, name=Rithika, registerNo=91, gender=Female, age=19, phoneNumber=8796756778, currentStatus=Completed, emailId=Rithika@gmail.com, course=Bsc, batch=set14, fees=23000, role=Student, password=rithikaravi]
2024-03-13 12:42:53,434 [http-nio-8080-exec-1] ERROR c.S.S.S.StudentDetailsServiceImpl - Student record is not inserted
2024-03-13 12:43:41,920 [http-nio-8080-exec-1] INFO  c.S.S.S.StudentDetailsServiceImpl - Received student details: StudentModel [studentId=0, name=Rithika, registerNo=91, gender=Female, age=19, phoneNumber=8796756778, currentStatus=Completed, emailId=Rithika@gmail.com, course=Bsc, batch=set14, fees=23000, role=Student, password=rithikaravi]
2024-03-13 12:43:42,152 [http-nio-8080-exec-1] ERROR c.S.S.S.StudentDetailsServiceImpl - Student record is not inserted
2024-03-13 12:44:00,932 [http-nio-8080-exec-3] INFO  c.S.S.S.StudentDetailsServiceImpl - Received student details: StudentModel [studentId=0, name=Rithika, registerNo=91, gender=Female, age=19, phoneNumber=8796756778, currentStatus=Completed, emailId=Rithika@gmail.com, course=Bsc, batch=set14, fees=23000, role=Student, password=rithikaravi]
2024-03-13 12:44:01,170 [http-nio-8080-exec-3] ERROR c.S.S.S.StudentDetailsServiceImpl - Student record is not inserted
2024-03-13 12:45:19,557 [http-nio-8080-exec-1] INFO  c.S.S.S.StudentDetailsServiceImpl - Received student details: StudentModel [studentId=0, name=Rithika, registerNo=91, gender=Female, age=19, phoneNumber=8796756778, currentStatus=Completed, emailId=Rithika@gmail.com, course=Bsc, batch=set14, fees=23000, role=Student, password=rithikaravi]
2024-03-13 12:45:19,778 [http-nio-8080-exec-1] INFO  c.S.S.S.StudentDetailsServiceImpl - Student inserted successfully
2024-03-13 17:45:02,587 [http-nio-8080-exec-8] INFO  c.S.S.S.StudentDetailsServiceImpl - Received student details: StudentModel [studentId=0, name=Rithika, registerNo=91, gender=Female, age=19, phoneNumber=8796756778, currentStatus=Completed, emailId=Rithika@gmail.com, course=Bsc, batch=set14, fees=23000, role=Student, password=rithikaravi]
2024-03-13 17:45:02,615 [http-nio-8080-exec-8] ERROR c.S.S.S.StudentDetailsServiceImpl - Student record is not inserted
2024-03-13 17:45:21,106 [http-nio-8080-exec-10] INFO  c.S.S.S.StudentDetailsServiceImpl - Received student details: StudentModel [studentId=0, name=Rithika, registerNo=92, gender=Female, age=19, phoneNumber=8796756778, currentStatus=Completed, emailId=Rithika@gmail.com, course=Bsc, batch=set14, fees=23000, role=Student, password=rithikaravi]
2024-03-13 17:45:21,110 [http-nio-8080-exec-10] INFO  c.S.S.S.StudentDetailsServiceImpl - Student inserted successfully
2024-03-13 18:36:08,633 [http-nio-8080-exec-2] INFO  c.S.S.S.StudentDetailsServiceImpl - Received student details: StudentModel [studentId=0, name=Rithika, registerNo=92, gender=Female, age=19, phoneNumber=8796756778, currentStatus=Completed, emailId=Rithika@gmail.com, course=Bsc, batch=set14, fees=23000, role=Student, password=rithikaravi]
2024-03-13 18:36:08,951 [http-nio-8080-exec-2] ERROR c.S.S.S.StudentDetailsServiceImpl - Student record is not inserted
2024-03-13 18:37:19,155 [http-nio-8080-exec-4] INFO  c.S.S.S.StudentDetailsServiceImpl - Received student details: StudentModel [studentId=0, name=Rithika, registerNo=92, gender=Female, age=19, phoneNumber=8796756778, currentStatus=Completed, emailId=Rithika@gmail.com, course=Bsc, batch=set14, fees=23000, role=Student, password=rithikaravi]
2024-03-13 18:37:19,251 [http-nio-8080-exec-4] INFO  c.S.S.S.StudentDetailsServiceImpl - Student inserted successfully
2024-03-13 18:59:47,312 [http-nio-8080-exec-5] INFO  c.S.S.S.StudentDetailsServiceImpl - Received student details: StudentModel [studentId=0, name=Arjun, registerNo=92, gender=male, age=19, phoneNumber=8796756778, currentStatus=Completed, emailId=Arjun@gmail.com, course=Bsc, batch=set14, fees=23000, role=Student, password=arjunkumar]
2024-03-13 18:59:47,448 [http-nio-8080-exec-5] ERROR c.S.S.S.StudentDetailsServiceImpl - Student record is not inserted
2024-03-13 19:00:02,179 [http-nio-8080-exec-7] INFO  c.S.S.S.StudentDetailsServiceImpl - Received student details: StudentModel [studentId=0, name=Arjun, registerNo=93, gender=male, age=19, phoneNumber=8796756778, currentStatus=Completed, emailId=Arjun@gmail.com, course=Bsc, batch=set14, fees=23000, role=Student, password=arjunkumar]
2024-03-13 19:00:02,271 [http-nio-8080-exec-7] INFO  c.S.S.S.StudentDetailsServiceImpl - Student inserted successfully
2024-03-13 19:02:36,394 [http-nio-8080-exec-2] INFO  c.S.S.S.StudentDetailsServiceImpl - Details retrieved successfully
2024-03-13 19:04:36,904 [http-nio-8080-exec-5] INFO  c.S.S.S.StudentDetailsServiceImpl - Details retrieved successfully
2024-03-13 19:05:44,249 [http-nio-8080-exec-8] INFO  c.S.S.S.StudentDetailsServiceImpl - Student Details deleted successfully
2024-03-14 11:46:21,122 [http-nio-8080-exec-3] ERROR c.S.S.S.StudentDetailsServiceImpl - Record not found
2024-03-14 11:47:22,089 [http-nio-8080-exec-7] INFO  c.S.S.S.StudentDetailsServiceImpl - Details retrieved successfully
2024-03-15 12:46:36,924 [http-nio-8080-exec-2] INFO  c.S.S.S.StudentDetailsServiceImpl - Details retrieved successfully
2024-03-15 12:49:23,289 [http-nio-8080-exec-1] INFO  c.S.S.S.StudentDetailsServiceImpl - Details retrieved successfully
2024-03-15 12:57:55,749 [http-nio-8080-exec-4] INFO  c.S.S.S.StudentDetailsServiceImpl - Details retrieved successfully
2024-03-15 12:58:42,444 [http-nio-8080-exec-2] INFO  c.S.S.S.StudentDetailsServiceImpl - Details retrieved successfully
2024-03-15 13:11:28,901 [http-nio-8080-exec-4] INFO  c.S.S.S.StudentDetailsServiceImpl - Details retrieved successfully
2024-03-15 13:11:37,727 [http-nio-8080-exec-5] INFO  c.S.S.S.StudentDetailsServiceImpl - Details retrieved successfully
2024-03-15 15:59:39,426 [http-nio-8080-exec-6] INFO  c.S.S.S.StudentDetailsServiceImpl - Details Retrived Successfully
2024-03-15 16:00:52,109 [http-nio-8080-exec-1] INFO  c.S.S.S.StudentDetailsServiceImpl - Details Retrived Successfully
2024-03-15 16:02:33,040 [http-nio-8080-exec-4] INFO  c.S.S.S.StudentDetailsServiceImpl - Details Retrived Successfully
2024-03-15 16:12:22,841 [http-nio-8080-exec-2] INFO  c.S.S.S.StudentDetailsServiceImpl - Details retrieved successfully
2024-03-15 16:14:35,533 [http-nio-8080-exec-1] INFO  c.S.S.S.StudentDetailsServiceImpl - Details retrieved successfully
2024-03-15 16:15:43,304 [http-nio-8080-exec-4] INFO  c.S.S.S.StudentDetailsServiceImpl - Details Retrived Successfully
2024-03-15 16:56:39,039 [http-nio-8080-exec-3] INFO  c.S.S.S.StudentDetailsServiceImpl - Details retrieved successfully
2024-03-15 16:59:16,801 [http-nio-8080-exec-2] INFO  c.S.S.S.StudentDetailsServiceImpl - Details retrieved successfully
2024-03-15 17:00:44,155 [http-nio-8080-exec-2] INFO  c.S.S.S.StudentDetailsServiceImpl - Details retrieved successfully
2024-03-15 17:05:13,974 [http-nio-8080-exec-1] INFO  c.S.S.S.StudentDetailsServiceImpl - Details retrieved successfully
2024-03-15 17:38:57,459 [http-nio-8080-exec-10] INFO  c.S.S.S.StudentDetailsServiceImpl - Details retrieved successfully
2024-03-15 17:40:33,648 [http-nio-8080-exec-3] INFO  c.S.S.S.StudentDetailsServiceImpl - Details retrieved successfully
2024-03-15 17:41:40,018 [http-nio-8080-exec-5] INFO  c.S.S.S.StudentDetailsServiceImpl - Details retrieved successfully
2024-03-15 17:42:20,989 [http-nio-8080-exec-7] INFO  c.S.S.S.StudentDetailsServiceImpl - Details retrieved successfully
2024-03-15 17:42:50,066 [http-nio-8080-exec-8] INFO  c.S.S.S.StudentDetailsServiceImpl - Details retrieved successfully
2024-03-15 17:43:03,319 [http-nio-8080-exec-10] INFO  c.S.S.S.StudentDetailsServiceImpl - Details retrieved successfully
2024-03-15 17:59:15,929 [http-nio-8080-exec-4] INFO  c.S.S.S.StudentDetailsServiceImpl - Details retrieved successfully
2024-03-15 19:18:36,945 [http-nio-8080-exec-5] INFO  c.S.S.S.StudentDetailsServiceImpl - Details retrieved successfully
2024-03-15 19:18:58,657 [http-nio-8080-exec-6] INFO  c.S.S.S.StudentDetailsServiceImpl - Details retrieved successfully
2024-03-18 11:50:13,677 [http-nio-8080-exec-2] INFO  c.S.S.S.StudentDetailsServiceImpl - Details Retrived Successfully
2024-03-18 11:54:36,592 [http-nio-8080-exec-4] INFO  c.S.S.S.StudentDetailsServiceImpl - Details Retrived Successfully
